2025-11-29 16:59:31,825 - INFO - Starting Dashboard...
2025-11-29 16:59:39,993 - INFO - Starting Scanner...
2025-11-29 16:59:40,082 - INFO - Initializing EasyOCR Engine (GPU)...
2025-11-29 16:59:41,260 - INFO - Librarian Service Started.
2025-11-29 16:59:50,514 - INFO - [OCR] Winner: 'Centa' (Score 0.4). Total: 0.21s
2025-11-29 16:59:50,986 - INFO - [Librarian] Processed TJRM4 in 9.73s
2025-11-29 16:59:51,164 - INFO - [OCR] Winner: '' (Score 0.0). Total: 0.07s
2025-11-29 16:59:51,589 - INFO - [OCR] Winner: 'Pheres-Band Centaurs' (Score 0.7). Total: 0.21s
2025-11-29 16:59:52,416 - INFO - [Librarian] Processed TJRM4 in 11.16s
2025-11-29 16:59:52,599 - INFO - [OCR] Winner: 'Iron My' (Score 0.3). Total: 0.08s
2025-11-29 16:59:54,006 - INFO - [Librarian] Processed NDJ9B in 12.75s
2025-11-29 16:59:54,271 - INFO - [OCR] Winner: 'Pheres- Band Centaure' (Score 0.7). Total: 0.16s
2025-11-29 16:59:55,557 - INFO - [Librarian] Processed TJRM4 in 14.30s
2025-11-29 16:59:55,762 - INFO - [OCR] Winner: '' (Score 0.0). Total: 0.09s
2025-11-29 16:59:55,941 - INFO - [OCR] Winner: 'Pheres-Band Cenraurs' (Score 0.7). Total: 0.18s
2025-11-29 16:59:56,008 - INFO - [OCR] Winner: '' (Score 0.0). Total: 0.07s
2025-11-29 16:59:56,160 - INFO - [OCR] Winner: 'Pheres-Band Cencaurs' (Score 0.7). Total: 0.15s
2025-11-29 16:59:56,333 - INFO - [OCR] Winner: 'Iron Myr' (Score 0.4). Total: 0.17s
2025-11-29 16:59:56,356 - INFO - [Librarian] Processed NDJ9B in 15.10s
2025-11-29 16:59:56,556 - INFO - [OCR] Winner: 'Pheres-Band Centaurs' (Score 0.7). Total: 0.09s
2025-11-29 16:59:56,678 - INFO - [OCR] Winner: 'Iron' (Score 0.5). Total: 0.12s
2025-11-29 16:59:56,839 - INFO - [OCR] Winner: 'Pheres-Band Centaura' (Score 0.6). Total: 0.16s
2025-11-29 16:59:56,946 - INFO - [OCR] Winner: 'Iron My' (Score 0.5). Total: 0.11s
2025-11-29 16:59:56,973 - INFO - [Librarian] Processed NDJ9B in 15.71s
2025-11-29 16:59:57,470 - INFO - [OCR] Winner: '' (Score 0.0). Total: 0.06s
2025-11-29 16:59:57,549 - INFO - [OCR] Winner: '' (Score 0.0). Total: 0.08s
2025-11-29 17:00:01,567 - INFO - [OCR] Winner: '' (Score 0.0). Total: 0.14s
2025-11-29 17:00:02,633 - INFO - [OCR] Winner: 'Leaden Myr' (Score 0.5). Total: 0.22s
2025-11-29 17:00:03,085 - INFO - [Librarian] Processed F30HC in 21.82s
2025-11-29 17:00:03,300 - INFO - [OCR] Winner: 'Myr Enforcer' (Score 0.6). Total: 0.11s
2025-11-29 17:00:04,440 - INFO - [Librarian] Processed 3WE98 in 23.18s
2025-11-29 17:00:04,668 - INFO - [OCR] Winner: 'Leaden Myr' (Score 0.5). Total: 0.12s
2025-11-29 17:00:04,692 - INFO - [Librarian] Processed F30HC in 23.43s
2025-11-29 17:00:04,878 - INFO - [OCR] Winner: 'Enforcer Myr' (Score 0.6). Total: 0.07s
2025-11-29 17:00:04,960 - INFO - [OCR] Winner: 'Leaden Myr' (Score 0.6). Total: 0.08s
2025-11-29 17:00:04,979 - INFO - [Librarian] Processed F30HC in 23.72s
2025-11-29 17:00:05,225 - INFO - [OCR] Winner: 'Enforcer Myr' (Score 0.6). Total: 0.14s
2025-11-29 17:00:05,557 - INFO - [OCR] Winner: 'Leaden Mvr' (Score 0.5). Total: 0.13s
2025-11-29 17:00:05,644 - INFO - [OCR] Winner: 'Enforcer Myr' (Score 0.6). Total: 0.09s
2025-11-29 17:00:06,482 - INFO - [OCR] Winner: 'Leaden Myr' (Score 0.5). Total: 0.09s
2025-11-29 17:00:06,580 - INFO - [OCR] Winner: 'Enforcer Myr' (Score 0.6). Total: 0.10s
2025-11-29 17:00:07,527 - INFO - [OCR] Winner: '' (Score 0.0). Total: 0.07s
2025-11-29 17:00:07,602 - INFO - [OCR] Winner: '' (Score 0.0). Total: 0.07s
2025-11-29 17:00:11,667 - INFO - [OCR] Winner: '' (Score 0.0). Total: 0.18s
2025-11-29 17:00:12,609 - INFO - [OCR] Winner: 'Sandsteppe Scavenger' (Score 0.8). Total: 0.09s
2025-11-29 17:00:12,929 - INFO - [Librarian] Processed MBWWY in 31.67s
2025-11-29 17:00:13,159 - INFO - [OCR] Winner: 'Wild Instincts' (Score 0.5). Total: 0.12s
2025-11-29 17:00:14,535 - INFO - [Librarian] Processed Z5DG1 in 33.27s
2025-11-29 17:00:14,795 - INFO - [OCR] Winner: 'Sandsteppe Scavenger' (Score 0.7). Total: 0.15s
2025-11-29 17:00:14,964 - INFO - [OCR] Winner: 'wild Instincts' (Score 0.5). Total: 0.17s
2025-11-29 17:00:15,062 - INFO - [OCR] Winner: 'Sandsteppe Scavenger' (Score 0.7). Total: 0.10s
2025-11-29 17:00:15,232 - INFO - [OCR] Winner: 'WIld Instincts' (Score 0.5). Total: 0.17s
2025-11-29 17:00:15,768 - INFO - [OCR] Winner: 'Sandsteppe Scavcnger' (Score 0.8). Total: 0.11s
2025-11-29 17:00:15,923 - INFO - [OCR] Winner: 'wild Instincts' (Score 0.5). Total: 0.15s
2025-11-29 17:00:16,786 - INFO - [OCR] Winner: 'Sandsteppe Scavcnger' (Score 0.7). Total: 0.12s
2025-11-29 17:00:16,860 - INFO - [OCR] Winner: '' (Score 0.0). Total: 0.07s
2025-11-29 17:00:17,677 - INFO - [OCR] Winner: '' (Score 0.0). Total: 0.06s
2025-11-29 17:00:17,743 - INFO - [OCR] Winner: '' (Score 0.0). Total: 0.07s
2025-11-29 17:00:22,798 - INFO - [OCR] Early Exit (Upright). Total: 0.08s
2025-11-29 17:00:23,124 - INFO - [Librarian] Processed RYRPO in 41.86s
2025-11-29 17:00:23,745 - INFO - [OCR] Early Exit (Upright). Total: 0.08s
2025-11-29 17:00:24,702 - INFO - [OCR] Early Exit (Upright). Total: 0.07s
2025-11-29 17:00:25,748 - INFO - [OCR] Winner: '' (Score 0.0). Total: 0.10s
2025-11-29 17:00:25,966 - INFO - Starting Dashboard...
2025-11-29 17:05:06,303 - INFO - Starting Scanner...
2025-11-29 17:05:06,400 - INFO - Initializing EasyOCR Engine (GPU)...
2025-11-29 17:05:07,581 - INFO - Librarian Service Started.
2025-11-29 17:05:17,354 - INFO - Starting Dashboard...
2025-11-29 17:15:49,530 - INFO - Starting Scanner...
2025-11-29 17:15:49,628 - INFO - Initializing EasyOCR Engine (GPU)...
2025-11-29 17:15:50,806 - INFO - Librarian Service Started.
2025-11-29 17:16:01,971 - INFO - [OCR] Winner: 'Matm' (Score 0.2). Total: 0.23s
2025-11-29 17:16:02,803 - INFO - [OCR] Winner: 'Dosan's Oldest Chant' (Score 0.6). Total: 0.10s
2025-11-29 17:16:03,256 - INFO - [Librarian] Processed R3P9P in 12.45s
2025-11-29 17:16:03,882 - INFO - [OCR] Winner: 'Dosan 5 Oldest Chant' (Score 0.6). Total: 0.08s
2025-11-29 17:16:04,811 - INFO - [OCR] Winner: '' (Score 0.0). Total: 0.08s
2025-11-29 17:16:08,698 - INFO - Starting Dashboard...
2025-11-29 17:35:28,330 - INFO - Starting Scanner...
2025-11-29 17:35:28,426 - INFO - Initializing EasyOCR Engine (GPU)...
2025-11-29 17:35:29,577 - INFO - Librarian Service Started.
2025-11-29 17:35:42,707 - INFO - [OCR] Winner: '' (Score 0.0). Total: 0.23s
2025-11-29 17:35:43,608 - INFO - [OCR] Winner: '' (Score 0.0). Total: 0.07s
2025-11-29 17:35:44,683 - INFO - [OCR] Winner: '' (Score 0.0). Total: 0.10s
2025-11-29 17:35:45,643 - INFO - [OCR] Winner: '' (Score 0.0). Total: 0.10s
2025-11-29 17:35:46,681 - INFO - [OCR] Winner: '' (Score 0.0). Total: 0.10s
2025-11-29 17:35:47,744 - INFO - [OCR] Winner: '' (Score 0.0). Total: 0.18s
2025-11-29 17:35:48,813 - INFO - [OCR] Winner: 'Pharika $ Disciple' (Score 0.6). Total: 0.21s
2025-11-29 17:35:49,852 - INFO - [Librarian] Processed UI5U8 in 20.27s
2025-11-29 17:35:50,048 - INFO - [OCR] Winner: '' (Score 0.0). Total: 0.08s
2025-11-29 17:35:50,665 - INFO - [OCR] Winner: '' (Score 0.0). Total: 0.08s
2025-11-29 17:35:51,614 - INFO - [OCR] Winner: '' (Score 0.0). Total: 0.08s
2025-11-29 17:35:52,711 - INFO - [OCR] Winner: '' (Score 0.0). Total: 0.10s
2025-11-29 17:35:53,883 - INFO - [OCR] Winner: '' (Score 0.0). Total: 0.30s
2025-11-29 17:35:57,597 - INFO - Starting Dashboard...
2025-11-29 17:40:21,888 - INFO - Starting Scanner...
2025-11-29 17:40:21,985 - INFO - Initializing EasyOCR Engine (GPU)...
2025-11-29 17:40:23,145 - INFO - Librarian Service Started.
2025-11-29 17:40:33,134 - INFO - [OCR] Winner: 'Gcorpion' (Score 0.4). Total: 0.25s
2025-11-29 17:40:34,012 - INFO - [OCR] Winner: 'Cedge Scorpion' (Score 0.6). Total: 0.14s
2025-11-29 17:40:35,164 - INFO - [Librarian] Processed 8FUTI in 12.02s
2025-11-29 17:40:35,437 - INFO - [OCR] Winner: 'Scorpion' (Score 0.6). Total: 0.16s
2025-11-29 17:40:35,948 - INFO - [OCR] Winner: '' (Score 0.0). Total: 0.09s
2025-11-29 17:40:37,081 - INFO - [OCR] Winner: 'Scorpion' (Score 0.6). Total: 0.15s
2025-11-29 17:40:37,948 - INFO - [OCR] Winner: 'rorpion' (Score 0.4). Total: 0.12s
2025-11-29 17:40:38,917 - INFO - [OCR] Winner: '' (Score 0.0). Total: 0.06s
2025-11-29 17:40:47,159 - INFO - [OCR] Winner: 'Desecration Plague' (Score 0.7). Total: 0.24s
2025-11-29 17:40:47,599 - INFO - [Librarian] Processed RTQQE in 24.45s
2025-11-29 17:40:48,036 - INFO - [OCR] Winner: 'Desecration Plague' (Score 0.7). Total: 0.12s
2025-11-29 17:40:48,056 - INFO - [Librarian] Processed RTQQE in 24.91s
2025-11-29 17:40:49,108 - INFO - [OCR] Winner: '' (Score 0.0). Total: 0.10s
2025-11-29 17:40:51,372 - INFO - Starting Dashboard...
2025-11-29 17:45:03,078 - INFO - Starting Scanner...
2025-11-29 17:45:03,181 - INFO - Initializing EasyOCR Engine (GPU)...
2025-11-29 17:45:04,345 - INFO - Librarian Service Started.
2025-11-29 17:45:09,584 - INFO - Starting Dashboard...
2025-11-29 17:47:59,264 - INFO - Starting Scanner...
2025-11-29 17:47:59,351 - INFO - Initializing EasyOCR Engine (GPU)...
2025-11-29 17:48:00,522 - INFO - Librarian Service Started.
2025-11-29 17:48:11,585 - INFO - Starting Dashboard...
2025-11-30 13:02:45,294 - INFO - Starting Dashboard...
2025-11-30 13:03:54,493 - INFO - Starting Dashboard...
2025-11-30 13:06:52,838 - INFO - Starting Dashboard...
2025-11-30 13:14:45,187 - INFO - Starting Scanner...
2025-11-30 13:14:45,283 - INFO - Initializing EasyOCR Engine (GPU)...
2025-11-30 13:14:46,609 - INFO - Librarian Service Started.
2025-11-30 13:15:12,004 - INFO - [OCR] Winner: '' (Score 0.0). Total: 0.14s
2025-11-30 13:15:12,966 - INFO - [OCR] Winner: '' (Score 0.0). Total: 0.08s
2025-11-30 13:15:13,890 - INFO - [OCR] Winner: '' (Score 0.0). Total: 0.06s
2025-11-30 13:15:15,023 - INFO - [OCR] Winner: 'Hirchclaw Recluse' (Score 0.6). Total: 0.16s
2025-11-30 13:15:15,591 - INFO - [Librarian] Processed ZIPEO in 28.98s
2025-11-30 13:15:16,015 - INFO - [OCR] Winner: 'Hitchclaw Recluse' (Score 0.7). Total: 0.21s
2025-11-30 13:15:16,037 - INFO - [Librarian] Processed ZIPEO in 29.43s
2025-11-30 13:15:16,353 - INFO - [OCR] Winner: 'Pheres-Band Tromper' (Score 0.7). Total: 0.21s
2025-11-30 13:15:16,783 - INFO - [Librarian] Processed 4TROK in 30.17s
2025-11-30 13:15:17,033 - INFO - [OCR] Winner: 'Hiichclaw Recluse' (Score 0.7). Total: 0.14s
2025-11-30 13:15:17,157 - INFO - [OCR] Winner: 'Pheres-Band Tromper' (Score 0.7). Total: 0.12s
2025-11-30 13:15:17,178 - INFO - [Librarian] Processed 4TROK in 30.57s
2025-11-30 13:15:17,956 - INFO - [OCR] Winner: 'Hirchclaw Recluse' (Score 0.7). Total: 0.14s
2025-11-30 13:15:17,982 - INFO - [Librarian] Processed ZIPEO in 31.37s
2025-11-30 13:15:18,237 - INFO - [OCR] Winner: 'Pheres-Band Tromper' (Score 0.7). Total: 0.15s
2025-11-30 13:15:18,997 - INFO - [OCR] Winner: 'Hitchclaw Recluse' (Score 0.6). Total: 0.11s
2025-11-30 13:15:19,153 - INFO - [OCR] Winner: 'Pheres-Band Tromper' (Score 0.7). Total: 0.16s
2025-11-30 13:15:19,849 - INFO - [OCR] Winner: '' (Score 0.0). Total: 0.06s
2025-11-30 13:15:19,909 - INFO - [OCR] Winner: '' (Score 0.0). Total: 0.06s
2025-11-30 13:15:25,099 - INFO - [OCR] Winner: 'Iron Myr' (Score 0.5). Total: 0.21s
2025-11-30 13:15:25,130 - INFO - [Librarian] Processed W23OH in 38.52s
2025-11-30 13:15:26,022 - INFO - [OCR] Winner: 'Iron Myr' (Score 0.4). Total: 0.16s
2025-11-30 13:15:26,899 - INFO - [OCR] Winner: 'Iron Myr' (Score 0.5). Total: 0.12s
2025-11-30 13:15:26,911 - INFO - [Librarian] Processed W23OH in 40.30s
2025-11-30 13:15:27,940 - INFO - [OCR] Winner: '' (Score 0.0). Total: 0.07s
2025-11-30 13:15:36,118 - INFO - [OCR] Winner: 'Aerial Formation' (Score 0.7). Total: 0.20s
2025-11-30 13:15:36,564 - INFO - [Librarian] Processed 25OPG in 49.96s
2025-11-30 13:15:37,063 - INFO - [OCR] Winner: 'Aerial Formation' (Score 0.7). Total: 0.16s
2025-11-30 13:15:38,018 - INFO - [OCR] Winner: '' (Score 0.0). Total: 0.08s
2025-11-30 13:15:41,587 - INFO - Starting Dashboard...
2025-11-30 13:16:54,485 - INFO - Starting Scanner...
2025-11-30 13:16:54,580 - INFO - Initializing EasyOCR Engine (GPU)...
2025-11-30 13:16:55,723 - INFO - Librarian Service Started.
2025-11-30 13:17:00,669 - INFO - Starting Dashboard...
2025-11-30 13:17:36,155 - INFO - Starting Scanner...
2025-11-30 13:17:36,249 - INFO - Initializing EasyOCR Engine (GPU)...
2025-11-30 13:17:37,401 - INFO - Librarian Service Started.
2025-11-30 13:18:15,854 - INFO - [OCR] Early Exit (Upright). Total: 0.10s
2025-11-30 13:18:16,037 - INFO - [Librarian] Processed DAHTF in 38.64s
2025-11-30 13:18:16,869 - INFO - [OCR] Early Exit (Upright). Total: 0.07s
2025-11-30 13:18:16,890 - INFO - [Librarian] Processed DAHTF in 39.49s
2025-11-30 13:18:17,933 - INFO - [OCR] Winner: '' (Score 0.0). Total: 0.17s
2025-11-30 13:18:20,823 - INFO - [OCR] Winner: '' (Score 0.0). Total: 0.10s
2025-11-30 13:18:21,938 - INFO - [OCR] Winner: 'Leaden Myr' (Score 0.6). Total: 0.14s
2025-11-30 13:18:21,964 - INFO - [Librarian] Processed E9RXA in 44.56s
2025-11-30 13:18:22,813 - INFO - [OCR] Winner: '' (Score 0.0). Total: 0.09s
2025-11-30 13:18:23,747 - INFO - [OCR] Winner: '' (Score 0.0). Total: 0.07s
2025-11-30 13:18:30,023 - INFO - [OCR] Winner: 'Naya Battlemage' (Score 0.6). Total: 0.21s
2025-11-30 13:18:30,246 - INFO - [Librarian] Processed S590Y in 52.84s
2025-11-30 13:18:30,964 - INFO - [OCR] Winner: 'Naya Battlemage' (Score 0.6). Total: 0.16s
2025-11-30 13:18:30,979 - INFO - [Librarian] Processed S590Y in 53.58s
2025-11-30 13:18:31,914 - INFO - [OCR] Winner: '' (Score 0.0). Total: 0.08s
2025-11-30 13:18:34,332 - INFO - Starting Dashboard...
2025-11-30 14:49:32,666 - INFO - Starting Scanner...
2025-11-30 14:49:32,856 - INFO - Initializing EasyOCR Engine (GPU)...
2025-11-30 14:49:33,993 - INFO - Librarian Service Started.
2025-11-30 14:50:00,336 - INFO - [OCR] Upright    | Time: 0.40s | Conf: 0.41 | Text: 'SDut 104912|'
2025-11-30 14:50:00,379 - INFO - [OCR] Winner: 'SDut 104912|' (Score 0.2). Total: 0.44s
2025-11-30 14:50:01,265 - INFO - [OCR] Winner: 'Juol' (Score 0.2). Total: 0.23s
2025-11-30 14:50:04,166 - INFO - [OCR] Winner: '' (Score 0.0). Total: 0.11s
2025-11-30 14:50:07,252 - INFO - [OCR] Winner: '' (Score 0.0). Total: 0.10s
2025-11-30 14:50:12,191 - INFO - [OCR] Winner: 'Ravenous Leucrocota' (Score 0.7). Total: 0.11s
2025-11-30 14:50:12,559 - INFO - [Librarian] Processed B6U6L in 38.57s
2025-11-30 14:50:12,747 - INFO - [OCR] Winner: '' (Score 0.0). Total: 0.08s
2025-11-30 14:50:13,233 - INFO - [OCR] Winner: 'Ravenous Leucrocola' (Score 0.7). Total: 0.15s
2025-11-30 14:50:13,386 - INFO - [OCR] Winner: 'Ray of Dissolution' (Score 0.6). Total: 0.15s
2025-11-30 14:50:13,824 - INFO - [Librarian] Processed O570I in 39.83s
2025-11-30 14:50:13,991 - INFO - [OCR] Winner: '' (Score 0.0). Total: 0.06s
2025-11-30 14:50:14,233 - INFO - [OCR] Winner: 'Ravenous Leucrocola' (Score 0.7). Total: 0.14s
2025-11-30 14:50:14,403 - INFO - [OCR] Winner: 'of Dissolution Rax' (Score 0.6). Total: 0.17s
2025-11-30 14:50:14,485 - INFO - [OCR] Winner: 'Malicious Intent' (Score 0.7). Total: 0.08s
2025-11-30 14:50:15,545 - INFO - [Librarian] Processed HWH90 in 41.55s
2025-11-30 14:50:15,790 - INFO - [OCR] Winner: 'Ravenous Leucrocota' (Score 0.7). Total: 0.14s
2025-11-30 14:50:15,909 - INFO - [OCR] Winner: 'Ray of Dissolution' (Score 0.7). Total: 0.12s
2025-11-30 14:50:15,932 - INFO - [Librarian] Processed O570I in 41.94s
2025-11-30 14:50:16,098 - INFO - [OCR] Winner: '' (Score 0.0). Total: 0.06s
2025-11-30 14:50:16,333 - INFO - [OCR] Winner: 'Ravenous Leucrocora' (Score 0.7). Total: 0.12s
2025-11-30 14:50:16,488 - INFO - [OCR] Winner: 'Ray of Dissolution' (Score 0.6). Total: 0.16s
2025-11-30 14:50:16,558 - INFO - [OCR] Winner: '' (Score 0.0). Total: 0.07s
2025-11-30 14:50:17,210 - INFO - [OCR] Winner: 'Ravenous Leucrocola' (Score 0.7). Total: 0.13s
2025-11-30 14:50:17,382 - INFO - [OCR] Winner: 'Ray of Dissolution' (Score 0.6). Total: 0.17s
2025-11-30 14:50:17,468 - INFO - [OCR] Winner: 'Maliclous Intent' (Score 0.7). Total: 0.09s
2025-11-30 14:50:18,262 - INFO - [OCR] Winner: 'Ravenous Leucrocola' (Score 0.6). Total: 0.16s
2025-11-30 14:50:18,408 - INFO - [OCR] Winner: 'Ray of Dissolution' (Score 0.6). Total: 0.15s
2025-11-30 14:50:18,470 - INFO - [OCR] Winner: '' (Score 0.0). Total: 0.06s
2025-11-30 14:50:19,284 - INFO - [OCR] Winner: 'Ravenous Leucrocola' (Score 0.6). Total: 0.17s
2025-11-30 14:50:19,449 - INFO - [OCR] Winner: 'Ray of Dissolution' (Score 0.6). Total: 0.16s
2025-11-30 14:50:19,521 - INFO - [OCR] Winner: 'Maliclous Intent' (Score 0.7). Total: 0.07s
2025-11-30 14:50:20,226 - INFO - [OCR] Winner: 'Ravenous Leucrocola' (Score 0.7). Total: 0.15s
2025-11-30 14:50:20,368 - INFO - [OCR] Winner: 'Issolution' (Score 0.5). Total: 0.14s
2025-11-30 14:50:20,477 - INFO - [OCR] Winner: 'Malicious Intent' (Score 0.6). Total: 0.11s
2025-11-30 14:50:21,302 - INFO - [OCR] Winner: 'Ravenous Leucrocola' (Score 0.7). Total: 0.16s
2025-11-30 14:50:21,917 - INFO - [Librarian] Processed B6U6L in 47.92s
2025-11-30 14:50:22,197 - INFO - [OCR] Winner: 'Ray of Dissolution' (Score 0.7). Total: 0.18s
2025-11-30 14:50:22,219 - INFO - [Librarian] Processed O570I in 48.23s
2025-11-30 14:50:22,412 - INFO - [OCR] Winner: 'Maliclous Intent' (Score 0.7). Total: 0.09s
2025-11-30 14:50:22,582 - INFO - [OCR] Winner: 'Ravenous Leucrocota' (Score 0.7). Total: 0.17s
2025-11-30 14:50:22,718 - INFO - [OCR] Winner: 'Ray of Dissolution' (Score 0.7). Total: 0.14s
2025-11-30 14:50:22,805 - INFO - [OCR] Winner: '' (Score 0.0). Total: 0.09s
2025-11-30 14:50:23,180 - INFO - [OCR] Winner: '' (Score 0.0). Total: 0.06s
2025-11-30 14:50:23,257 - INFO - [OCR] Winner: '' (Score 0.0). Total: 0.08s
2025-11-30 14:50:23,318 - INFO - [OCR] Winner: '' (Score 0.0). Total: 0.06s
2025-11-30 14:50:27,291 - INFO - [OCR] Winner: 'Leaden Myr' (Score 0.6). Total: 0.16s
2025-11-30 14:50:27,319 - INFO - [Librarian] Processed IPMZJ in 53.33s
2025-11-30 14:50:28,331 - INFO - [OCR] Winner: 'Leaden Myr' (Score 0.6). Total: 0.17s
2025-11-30 14:50:29,205 - INFO - [OCR] Winner: 'Leaden Myr' (Score 0.5). Total: 0.12s
2025-11-30 14:50:30,112 - INFO - [OCR] Winner: '' (Score 0.0). Total: 0.06s
2025-11-30 14:50:33,378 - INFO - [OCR] Winner: 'De' (Score 0.2). Total: 0.21s
2025-11-30 14:50:34,319 - INFO - [OCR] Winner: 'Desecration Plague' (Score 0.7). Total: 0.16s
2025-11-30 14:50:34,348 - INFO - [Librarian] Processed 88CPL in 60.35s
2025-11-30 14:50:35,280 - INFO - [OCR] Winner: 'Desecration Plague' (Score 0.7). Total: 0.17s
2025-11-30 14:50:36,257 - INFO - [OCR] Winner: 'Desecration Plague' (Score 0.7). Total: 0.13s
2025-11-30 14:50:37,151 - INFO - Starting Dashboard...
2025-11-30 14:52:06,856 - INFO - Starting Scanner...
2025-11-30 14:52:06,949 - INFO - Initializing EasyOCR Engine (GPU)...
2025-11-30 14:52:08,113 - INFO - Librarian Service Started.
2025-11-30 14:52:13,092 - INFO - Starting Dashboard...
2025-11-30 14:52:25,149 - INFO - Starting Scanner...
2025-11-30 14:52:25,239 - INFO - Initializing EasyOCR Engine (GPU)...
2025-11-30 14:52:26,371 - INFO - Librarian Service Started.
2025-11-30 14:52:43,334 - INFO - [OCR] Winner: '' (Score 0.0). Total: 0.12s
2025-11-30 14:52:44,362 - INFO - [OCR] Winner: '' (Score 0.0). Total: 0.07s
2025-11-30 14:52:45,338 - INFO - [OCR] Winner: '' (Score 0.0). Total: 0.08s
2025-11-30 14:52:45,414 - INFO - [OCR] Winner: '' (Score 0.0). Total: 0.08s
2025-11-30 14:52:46,355 - INFO - [OCR] Winner: '' (Score 0.0). Total: 0.08s
2025-11-30 14:52:46,416 - INFO - [OCR] Winner: '' (Score 0.0). Total: 0.06s
2025-11-30 14:52:47,333 - INFO - [OCR] Winner: '' (Score 0.0). Total: 0.07s
2025-11-30 14:52:48,366 - INFO - [OCR] Winner: '' (Score 0.0). Total: 0.10s
2025-11-30 14:52:48,526 - INFO - [OCR] Winner: 'Hinterland Hermit' (Score 0.7). Total: 0.16s
2025-11-30 14:52:48,843 - INFO - [Librarian] Processed SDAV5 in 22.47s
2025-11-30 14:52:49,370 - INFO - [OCR] Winner: 'Griptide' (Score 0.6). Total: 0.08s
2025-11-30 14:52:50,456 - INFO - [Librarian] Processed 9EIS2 in 24.08s
2025-11-30 14:52:50,704 - INFO - [OCR] Winner: 'Hinterland Hermit' (Score 0.6). Total: 0.14s
2025-11-30 14:52:50,824 - INFO - [OCR] Winner: 'Griptide' (Score 0.5). Total: 0.12s
2025-11-30 14:52:50,894 - INFO - [OCR] Winner: '' (Score 0.0). Total: 0.07s
2025-11-30 14:52:51,310 - INFO - [OCR] Winner: 'Griptide' (Score 0.6). Total: 0.10s
2025-11-30 14:52:51,440 - INFO - [OCR] Winner: 'Hinterland Hermit' (Score 0.7). Total: 0.13s
2025-11-30 14:52:52,369 - INFO - [OCR] Winner: 'Griptide' (Score 0.5). Total: 0.09s
2025-11-30 14:52:52,468 - INFO - [OCR] Winner: 'Hinterland Hermit' (Score 0.7). Total: 0.10s
2025-11-30 14:52:52,492 - INFO - [Librarian] Processed SDAV5 in 26.12s
2025-11-30 14:52:53,344 - INFO - [OCR] Winner: 'Griptide' (Score 0.6). Total: 0.09s
2025-11-30 14:52:53,436 - INFO - [OCR] Winner: 'Hinterland Hermit' (Score 0.7). Total: 0.09s
2025-11-30 14:52:53,470 - INFO - [Librarian] Processed SDAV5 in 27.10s
2025-11-30 14:52:54,355 - INFO - [OCR] Winner: 'Griptide' (Score 0.6). Total: 0.11s
2025-11-30 14:52:54,415 - INFO - [OCR] Winner: '' (Score 0.0). Total: 0.06s
2025-11-30 14:52:55,414 - INFO - [OCR] Winner: 'Griptide' (Score 0.6). Total: 0.14s
2025-11-30 14:52:55,516 - INFO - [OCR] Winner: 'Hinterland Hemit' (Score 0.6). Total: 0.10s
2025-11-30 14:52:55,648 - INFO - [OCR] Winner: 'Nylea'$ Presence' (Score 0.5). Total: 0.13s
2025-11-30 14:52:56,315 - INFO - [Librarian] Processed ZJUJZ in 29.94s
2025-11-30 14:52:56,536 - INFO - [OCR] Winner: 'Griptide' (Score 0.6). Total: 0.10s
2025-11-30 14:52:56,624 - INFO - [OCR] Winner: 'Hinterland Hemmit' (Score 0.7). Total: 0.09s
2025-11-30 14:52:56,693 - INFO - [OCR] Winner: '' (Score 0.0). Total: 0.07s
2025-11-30 14:52:57,368 - INFO - [OCR] Winner: 'Griptide' (Score 0.6). Total: 0.15s
2025-11-30 14:52:57,393 - INFO - [Librarian] Processed 9EIS2 in 31.02s
2025-11-30 14:52:57,587 - INFO - [OCR] Winner: 'Hinterland Hermit' (Score 0.7). Total: 0.09s
2025-11-30 14:52:57,648 - INFO - [OCR] Winner: '' (Score 0.0). Total: 0.06s
2025-11-30 14:52:58,430 - INFO - [OCR] Winner: 'Griptide' (Score 0.6). Total: 0.13s
2025-11-30 14:52:58,528 - INFO - [OCR] Winner: 'Hinterland Hermit' (Score 0.7). Total: 0.10s
2025-11-30 14:52:58,586 - INFO - [OCR] Winner: '' (Score 0.0). Total: 0.06s
2025-11-30 14:52:59,327 - INFO - [OCR] Winner: 'Griptide' (Score 0.6). Total: 0.10s
2025-11-30 14:52:59,441 - INFO - [OCR] Winner: 'Hinterland Hermit' (Score 0.7). Total: 0.11s
2025-11-30 14:52:59,570 - INFO - [OCR] Winner: 'Nylea'$ Presence 1' (Score 0.6). Total: 0.12s
2025-11-30 14:53:00,319 - INFO - [Librarian] Processed ZJUJZ in 33.95s
2025-11-30 14:53:00,506 - INFO - [OCR] Winner: 'Griptide' (Score 0.6). Total: 0.08s
2025-11-30 14:53:00,603 - INFO - [OCR] Winner: 'Hinterland Hermit' (Score 0.7). Total: 0.10s
2025-11-30 14:53:00,693 - INFO - [OCR] Winner: 'Nylea $ Presence' (Score 0.6). Total: 0.09s
2025-11-30 14:53:01,552 - INFO - [OCR] Winner: 'Griptide' (Score 0.6). Total: 0.10s
2025-11-30 14:53:01,647 - INFO - [OCR] Winner: 'Hinterland Hermit' (Score 0.6). Total: 0.09s
2025-11-30 14:53:01,737 - INFO - [OCR] Winner: 'Nyleas Presence' (Score 0.6). Total: 0.09s
2025-11-30 14:53:02,637 - INFO - [OCR] Winner: 'Griptide' (Score 0.6). Total: 0.12s
2025-11-30 14:53:02,724 - INFO - [OCR] Winner: 'Hinterland Hermit' (Score 0.7). Total: 0.09s
2025-11-30 14:53:02,860 - INFO - [OCR] Winner: 'Nylea s Presence' (Score 0.6). Total: 0.14s
2025-11-30 14:53:03,770 - INFO - [OCR] Winner: 'Griptide' (Score 0.6). Total: 0.15s
2025-11-30 14:53:03,871 - INFO - [OCR] Winner: 'Hinterland Hermit' (Score 0.7). Total: 0.10s
2025-11-30 14:53:03,929 - INFO - [OCR] Winner: '' (Score 0.0). Total: 0.06s
2025-11-30 14:53:04,702 - INFO - [OCR] Winner: 'Griptide' (Score 0.6). Total: 0.11s
2025-11-30 14:53:04,788 - INFO - [OCR] Winner: 'Hinterland Hermit' (Score 0.7). Total: 0.09s
2025-11-30 14:53:04,893 - INFO - [OCR] Winner: 'Nylea $ Presence' (Score 0.5). Total: 0.11s
2025-11-30 14:53:05,690 - INFO - [OCR] Winner: 'Griptide' (Score 0.6). Total: 0.13s
2025-11-30 14:53:05,714 - INFO - [Librarian] Processed 9EIS2 in 39.34s
2025-11-30 14:53:05,926 - INFO - [OCR] Winner: 'Hinterland Hemit' (Score 0.6). Total: 0.10s
2025-11-30 14:53:05,999 - INFO - [OCR] Winner: '' (Score 0.0). Total: 0.07s
2025-11-30 14:53:06,684 - INFO - [OCR] Winner: 'Griptide' (Score 0.6). Total: 0.15s
2025-11-30 14:53:06,778 - INFO - [OCR] Winner: 'Hinterland Hermit' (Score 0.7). Total: 0.09s
2025-11-30 14:53:06,846 - INFO - [OCR] Winner: '' (Score 0.0). Total: 0.07s
2025-11-30 14:53:07,704 - INFO - [OCR] Winner: 'Griptide' (Score 0.6). Total: 0.13s
2025-11-30 14:53:07,800 - INFO - [OCR] Winner: 'Hinterland Hermit' (Score 0.7). Total: 0.10s
2025-11-30 14:53:07,932 - INFO - [OCR] Winner: 'Nylea $ Presence' (Score 0.6). Total: 0.13s
2025-11-30 14:53:08,735 - INFO - [OCR] Winner: 'Griptide' (Score 0.5). Total: 0.15s
2025-11-30 14:53:08,854 - INFO - [OCR] Winner: 'Hinterland Hermit' (Score 0.7). Total: 0.12s
2025-11-30 14:53:08,963 - INFO - [OCR] Winner: 'Nylea > Presence' (Score 0.6). Total: 0.11s
2025-11-30 14:53:09,461 - INFO - [Librarian] Processed ZJUJZ in 43.09s
2025-11-30 14:53:09,725 - INFO - [OCR] Winner: 'Griptide' (Score 0.5). Total: 0.15s
2025-11-30 14:53:09,824 - INFO - [OCR] Winner: 'Hinterland Hermit' (Score 0.6). Total: 0.10s
2025-11-30 14:53:09,931 - INFO - [OCR] Winner: 'Nyleas Presence' (Score 0.6). Total: 0.11s
2025-11-30 14:53:10,625 - INFO - [OCR] Winner: '' (Score 0.0). Total: 0.06s
2025-11-30 14:53:10,718 - INFO - [OCR] Winner: 'Hinterland Hermit' (Score 0.7). Total: 0.09s
2025-11-30 14:53:10,822 - INFO - [OCR] Winner: 'Nylea $ Presence' (Score 0.5). Total: 0.10s
2025-11-30 14:53:11,723 - INFO - [OCR] Winner: 'Griptide' (Score 0.6). Total: 0.14s
2025-11-30 14:53:11,840 - INFO - [OCR] Winner: 'Hinterland Herit' (Score 0.7). Total: 0.12s
2025-11-30 14:53:11,941 - INFO - [OCR] Winner: 'Nylea s Presence' (Score 0.6). Total: 0.10s
2025-11-30 14:53:12,702 - INFO - [OCR] Winner: 'Griptide' (Score 0.6). Total: 0.13s
2025-11-30 14:53:12,800 - INFO - [OCR] Winner: 'Hinterland Hermit' (Score 0.6). Total: 0.10s
2025-11-30 14:53:12,936 - INFO - [OCR] Winner: 'Nylea s Prescnce J' (Score 0.6). Total: 0.14s
2025-11-30 14:53:13,702 - INFO - [OCR] Winner: 'Griptide' (Score 0.6). Total: 0.12s
2025-11-30 14:53:13,760 - INFO - [OCR] Winner: '' (Score 0.0). Total: 0.06s
2025-11-30 14:53:13,832 - INFO - [OCR] Winner: '' (Score 0.0). Total: 0.07s
2025-11-30 14:53:14,747 - INFO - [OCR] Winner: 'Griptide' (Score 0.6). Total: 0.15s
2025-11-30 14:53:14,859 - INFO - [OCR] Winner: 'Hinterland Hermit' (Score 0.7). Total: 0.11s
2025-11-30 14:53:15,007 - INFO - [OCR] Winner: 'Nylea s Presence' (Score 0.6). Total: 0.15s
2025-11-30 14:53:15,683 - INFO - [OCR] Winner: 'Griptide' (Score 0.6). Total: 0.15s
2025-11-30 14:53:15,803 - INFO - [OCR] Winner: 'Hinterland Hermit' (Score 0.7). Total: 0.12s
2025-11-30 14:53:15,872 - INFO - [OCR] Winner: '' (Score 0.0). Total: 0.07s
2025-11-30 14:53:16,672 - INFO - [OCR] Winner: 'Griptide' (Score 0.6). Total: 0.13s
2025-11-30 14:53:16,782 - INFO - [OCR] Winner: 'Hinterland Herit' (Score 0.6). Total: 0.11s
2025-11-30 14:53:16,909 - INFO - [OCR] Winner: 'Nyleas Presence' (Score 0.6). Total: 0.13s
2025-11-30 14:53:17,692 - INFO - [OCR] Winner: 'Griptide' (Score 0.5). Total: 0.11s
2025-11-30 14:53:17,808 - INFO - [OCR] Winner: 'Hinterland Hermit' (Score 0.7). Total: 0.12s
2025-11-30 14:53:17,880 - INFO - [OCR] Winner: '' (Score 0.0). Total: 0.07s
2025-11-30 14:53:18,677 - INFO - [OCR] Winner: 'Griptide' (Score 0.6). Total: 0.12s
2025-11-30 14:53:18,770 - INFO - [OCR] Winner: 'Hinterland Hermit' (Score 0.7). Total: 0.09s
2025-11-30 14:53:18,834 - INFO - [OCR] Winner: '' (Score 0.0). Total: 0.06s
2025-11-30 14:53:19,729 - INFO - [OCR] Winner: 'Griptide' (Score 0.6). Total: 0.13s
2025-11-30 14:53:19,839 - INFO - [OCR] Winner: 'Hinterland Hermit' (Score 0.7). Total: 0.11s
2025-11-30 14:53:19,907 - INFO - [OCR] Winner: '' (Score 0.0). Total: 0.07s
2025-11-30 14:53:20,722 - INFO - [OCR] Winner: 'Griptide' (Score 0.5). Total: 0.14s
2025-11-30 14:53:20,843 - INFO - [OCR] Winner: 'Hinterland Hermit' (Score 0.7). Total: 0.12s
2025-11-30 14:53:20,969 - INFO - [OCR] Winner: 'Nylea s Presence 1' (Score 0.4). Total: 0.13s
2025-11-30 14:53:21,732 - INFO - [OCR] Winner: 'Griptide' (Score 0.6). Total: 0.12s
2025-11-30 14:53:21,833 - INFO - [OCR] Winner: 'Hinterland Hermit' (Score 0.7). Total: 0.10s
2025-11-30 14:53:21,955 - INFO - [OCR] Winner: 'Nylea $ Prescnce' (Score 0.6). Total: 0.12s
2025-11-30 14:53:22,714 - INFO - [OCR] Winner: 'Griptide' (Score 0.6). Total: 0.12s
2025-11-30 14:53:22,820 - INFO - [OCR] Winner: 'Hinterland Hermit' (Score 0.6). Total: 0.11s
2025-11-30 14:53:22,931 - INFO - [OCR] Winner: 'Nyleas Presence' (Score 0.6). Total: 0.11s
2025-11-30 14:53:23,710 - INFO - [OCR] Winner: 'Griptide' (Score 0.6). Total: 0.13s
2025-11-30 14:53:23,811 - INFO - [OCR] Winner: 'Hinterland Hermit' (Score 0.7). Total: 0.10s
2025-11-30 14:53:23,971 - INFO - [OCR] Winner: 'Nylea $ Presence' (Score 0.5). Total: 0.16s
2025-11-30 14:53:24,630 - INFO - [OCR] Winner: 'Griptide' (Score 0.6). Total: 0.12s
2025-11-30 14:53:24,729 - INFO - [OCR] Winner: 'Hinterland Hermit' (Score 0.7). Total: 0.10s
2025-11-30 14:53:24,800 - INFO - [OCR] Winner: '' (Score 0.0). Total: 0.07s
2025-11-30 14:53:25,637 - INFO - [OCR] Winner: '' (Score 0.0). Total: 0.06s
2025-11-30 14:53:25,765 - INFO - [OCR] Winner: 'Hinterland Hemmit' (Score 0.6). Total: 0.13s
2025-11-30 14:53:25,899 - INFO - [OCR] Winner: 'Nyleas Presence' (Score 0.6). Total: 0.13s
2025-11-30 14:53:26,647 - INFO - [OCR] Winner: 'Griptide' (Score 0.6). Total: 0.12s
2025-11-30 14:53:26,783 - INFO - [OCR] Winner: 'Hinterland Hermit' (Score 0.6). Total: 0.14s
2025-11-30 14:53:26,849 - INFO - [OCR] Winner: '' (Score 0.0). Total: 0.07s
2025-11-30 14:53:27,673 - INFO - [OCR] Winner: 'Griptide' (Score 0.5). Total: 0.12s
2025-11-30 14:53:27,779 - INFO - [OCR] Winner: 'Hinterland Herit' (Score 0.6). Total: 0.11s
2025-11-30 14:53:27,898 - INFO - [OCR] Winner: 'Nylea $ Presence' (Score 0.5). Total: 0.12s
2025-11-30 14:53:28,672 - INFO - [OCR] Winner: 'Griptide' (Score 0.6). Total: 0.12s
2025-11-30 14:53:28,756 - INFO - [OCR] Winner: 'Hinterland Hermit' (Score 0.7). Total: 0.08s
2025-11-30 14:53:28,905 - INFO - [OCR] Winner: 'Nylea's Presence' (Score 0.6). Total: 0.15s
2025-11-30 14:53:29,671 - INFO - [OCR] Winner: 'Griptide' (Score 0.6). Total: 0.13s
2025-11-30 14:53:29,761 - INFO - [OCR] Winner: 'Hinterland Hermit' (Score 0.6). Total: 0.09s
2025-11-30 14:53:29,866 - INFO - [OCR] Winner: 'Nylea s Presence' (Score 0.5). Total: 0.11s
2025-11-30 14:53:30,568 - INFO - [OCR] Winner: '' (Score 0.0). Total: 0.07s
2025-11-30 14:53:30,627 - INFO - [OCR] Winner: '' (Score 0.0). Total: 0.06s
2025-11-30 14:53:30,708 - INFO - [OCR] Winner: '' (Score 0.0). Total: 0.08s
2025-11-30 14:53:34,828 - INFO - [OCR] Winner: 'Rambler Volcanic' (Score 0.7). Total: 0.24s
2025-11-30 14:53:35,502 - INFO - [Librarian] Processed UYQVZ in 69.13s
2025-11-30 14:53:35,784 - INFO - [OCR] Winner: 'Volcanic Rambler' (Score 0.7). Total: 0.17s
2025-11-30 14:53:35,806 - INFO - [Librarian] Processed UYQVZ in 69.43s
2025-11-30 14:53:36,719 - INFO - [OCR] Winner: 'Volcanic Rambler' (Score 0.7). Total: 0.17s
2025-11-30 14:53:36,744 - INFO - [Librarian] Processed UYQVZ in 70.37s
2025-11-30 14:53:37,583 - INFO - [OCR] Winner: '' (Score 0.0). Total: 0.06s
2025-11-30 14:53:39,653 - INFO - [OCR] Winner: '' (Score 0.0). Total: 0.12s
2025-11-30 14:53:40,679 - INFO - [OCR] Early Exit (Upright). Total: 0.10s
2025-11-30 14:53:41,241 - INFO - [Librarian] Processed BW0WU in 74.87s
2025-11-30 14:53:41,620 - INFO - [OCR] Early Exit (Upright). Total: 0.07s
2025-11-30 14:53:41,648 - INFO - [Librarian] Processed BW0WU in 75.28s
2025-11-30 14:53:42,623 - INFO - [OCR] Winner: 'Paralyzing Grasp' (Score 0.5). Total: 0.13s
2025-11-30 14:53:43,665 - INFO - [OCR] Winner: '' (Score 0.0). Total: 0.08s
2025-11-30 14:53:46,801 - INFO - [OCR] Winner: 'Insight' (Score 0.5). Total: 0.23s
2025-11-30 14:53:47,396 - INFO - [Librarian] Processed GUTH8 in 81.02s
2025-11-30 14:53:47,872 - INFO - [OCR] Winner: '6 Insight' (Score 0.4). Total: 0.16s
2025-11-30 14:53:48,804 - INFO - [OCR] Winner: 'Insight' (Score 0.5). Total: 0.19s
2025-11-30 14:53:49,806 - INFO - [OCR] Winner: '' (Score 0.0). Total: 0.12s
2025-11-30 14:53:50,816 - INFO - [OCR] Winner: 'Insight' (Score 0.5). Total: 0.17s
2025-11-30 14:53:50,841 - INFO - [Librarian] Processed GUTH8 in 84.47s
2025-11-30 14:53:51,857 - INFO - [OCR] Winner: 'Insight' (Score 0.5). Total: 0.16s
2025-11-30 14:53:52,906 - INFO - [OCR] Winner: 'Insight' (Score 0.5). Total: 0.22s
2025-11-30 14:53:52,931 - INFO - [Librarian] Processed GUTH8 in 86.56s
2025-11-30 14:53:53,782 - INFO - [OCR] Winner: '' (Score 0.0). Total: 0.10s
2025-11-30 14:53:54,820 - INFO - [OCR] Winner: 'Kruphix's Insight' (Score 0.6). Total: 0.16s
2025-11-30 14:53:55,284 - INFO - [Librarian] Processed GUTH8 in 88.91s
2025-11-30 14:53:55,869 - INFO - [OCR] Winner: 'Kruphixs Insight' (Score 0.7). Total: 0.18s
2025-11-30 14:53:56,558 - INFO - [Librarian] Processed GUTH8 in 90.19s
2025-11-30 14:53:56,757 - INFO - [OCR] Winner: 'Kruphixs Insight' (Score 0.7). Total: 0.09s
2025-11-30 14:53:57,847 - INFO - [OCR] Winner: 'Kruphixs Insight' (Score 0.7). Total: 0.15s
2025-11-30 14:53:58,801 - INFO - [OCR] Winner: 'Kruphix 5 Insight' (Score 0.6). Total: 0.17s
2025-11-30 14:53:59,743 - INFO - [OCR] Winner: '' (Score 0.0). Total: 0.07s
2025-11-30 14:54:01,841 - INFO - [OCR] Winner: 'Kruphixs Insight' (Score 0.6). Total: 0.24s
2025-11-30 14:54:01,952 - INFO - Starting Dashboard...
2025-11-30 14:54:46,500 - INFO - Starting Scanner...
2025-11-30 14:54:46,596 - INFO - Initializing EasyOCR Engine (GPU)...
2025-11-30 14:54:47,757 - INFO - Librarian Service Started.
2025-11-30 14:54:58,991 - INFO - [OCR] Winner: '' (Score 0.0). Total: 0.27s
2025-11-30 14:54:59,902 - INFO - [OCR] Winner: '' (Score 0.0). Total: 0.06s
2025-11-30 14:55:00,003 - INFO - [OCR] Winner: 'Griptide' (Score 0.4). Total: 0.10s
2025-11-30 14:55:00,023 - INFO - [Librarian] Processed 1KWA9 in 12.27s
2025-11-30 14:55:00,299 - INFO - [OCR] Winner: 'Pharika $ Disciple' (Score 0.5). Total: 0.17s
2025-11-30 14:55:00,311 - INFO - [Librarian] Processed JSC35 in 12.55s
2025-11-30 14:55:00,926 - INFO - [OCR] Winner: 'Volcanic Rambler' (Score 0.5). Total: 0.09s
2025-11-30 14:55:00,951 - INFO - [Librarian] Processed 6H1LR in 13.19s
2025-11-30 14:55:01,171 - INFO - [OCR] Winner: 'Griptide' (Score 0.6). Total: 0.12s
2025-11-30 14:55:01,193 - INFO - [Librarian] Processed 1KWA9 in 13.44s
2025-11-30 14:55:01,483 - INFO - [OCR] Winner: 'Pharika $ Disciple' (Score 0.6). Total: 0.19s
2025-11-30 14:55:01,500 - INFO - [Librarian] Processed JSC35 in 13.74s
2025-11-30 14:55:01,952 - INFO - [OCR] Winner: 'Volcanic Rambler 52' (Score 0.6). Total: 0.13s
2025-11-30 14:55:02,575 - INFO - [Librarian] Processed 6H1LR in 14.82s
2025-11-30 14:55:02,773 - INFO - [OCR] Winner: 'Griptide' (Score 0.6). Total: 0.08s
2025-11-30 14:55:02,795 - INFO - [Librarian] Processed 1KWA9 in 15.04s
2025-11-30 14:55:03,000 - INFO - [OCR] Winner: 'Volcanic Rambler' (Score 0.7). Total: 0.09s
2025-11-30 14:55:03,074 - INFO - [OCR] Winner: 'Griptide' (Score 0.6). Total: 0.07s
2025-11-30 14:55:03,095 - INFO - [Librarian] Processed 1KWA9 in 15.34s
2025-11-30 14:55:03,253 - INFO - [OCR] Winner: '' (Score 0.0). Total: 0.06s
2025-11-30 14:55:03,863 - INFO - [OCR] Winner: 'Volcanic Rambler' (Score 0.7). Total: 0.09s
2025-11-30 14:55:03,946 - INFO - [OCR] Winner: 'Griptide' (Score 0.6). Total: 0.08s
2025-11-30 14:55:03,966 - INFO - [Librarian] Processed 1KWA9 in 16.21s
2025-11-30 14:55:04,167 - INFO - [OCR] Winner: 'Pharika s Disciple' (Score 0.6). Total: 0.08s
2025-11-30 14:55:04,479 - INFO - [Librarian] Processed JL1SU in 16.72s
2025-11-30 14:55:04,915 - INFO - [OCR] Winner: 'Volcanic Rambler' (Score 0.7). Total: 0.11s
2025-11-30 14:55:05,002 - INFO - [OCR] Winner: 'Gripride' (Score 0.5). Total: 0.09s
2025-11-30 14:55:05,947 - INFO - [OCR] Winner: 'Volcanic Rambler' (Score 0.7). Total: 0.12s
2025-11-30 14:55:06,017 - INFO - [OCR] Winner: 'Griptide' (Score 0.4). Total: 0.07s
2025-11-30 14:55:06,861 - INFO - [OCR] Winner: 'Voleanic Rambler 5' (Score 0.6). Total: 0.10s
2025-11-30 14:55:06,936 - INFO - [OCR] Winner: '' (Score 0.0). Total: 0.07s
2025-11-30 14:55:07,162 - INFO - [OCR] Winner: 'Pharika'$ Disciple' (Score 0.6). Total: 0.22s
2025-11-30 14:55:07,864 - INFO - [Librarian] Processed 076O8 in 20.11s
2025-11-30 14:55:08,111 - INFO - [OCR] Winner: 'Volcanic Rambler 6' (Score 0.6). Total: 0.13s
2025-11-30 14:55:08,179 - INFO - [OCR] Winner: '' (Score 0.0). Total: 0.07s
2025-11-30 14:55:08,245 - INFO - [OCR] Winner: '' (Score 0.0). Total: 0.07s
2025-11-30 14:55:08,930 - INFO - [OCR] Winner: 'Volcanic Rambler 5' (Score 0.7). Total: 0.14s
2025-11-30 14:55:09,550 - INFO - [Librarian] Processed 6H1LR in 21.79s
2025-11-30 14:55:09,720 - INFO - [OCR] Winner: '' (Score 0.0). Total: 0.06s
2025-11-30 14:55:09,782 - INFO - [OCR] Early Exit (Upright). Total: 0.06s
2025-11-30 14:55:09,871 - INFO - [OCR] Winner: 'Volcanic Rambler 62' (Score 0.7). Total: 0.09s
2025-11-30 14:55:09,948 - INFO - [OCR] Winner: '' (Score 0.0). Total: 0.08s
2025-11-30 14:55:10,119 - INFO - [OCR] Winner: 'Pharika $ Disciple' (Score 0.7). Total: 0.17s
2025-11-30 14:55:10,140 - INFO - [Librarian] Processed 076O8 in 22.38s
2025-11-30 14:55:10,856 - INFO - [OCR] Winner: 'Volcanic Rambler 5' (Score 0.6). Total: 0.09s
2025-11-30 14:55:10,923 - INFO - [OCR] Winner: '' (Score 0.0). Total: 0.07s
2025-11-30 14:55:11,106 - INFO - [OCR] Winner: 'Pharika'$ Disciple' (Score 0.6). Total: 0.18s
2025-11-30 14:55:11,851 - INFO - [OCR] Winner: 'Volcanic Rambler' (Score 0.7). Total: 0.09s
2025-11-30 14:55:11,932 - INFO - [OCR] Winner: 'Griptide' (Score 0.6). Total: 0.08s
2025-11-30 14:55:11,999 - INFO - [OCR] Winner: '' (Score 0.0). Total: 0.07s
2025-11-30 14:55:12,963 - INFO - [OCR] Winner: 'Volcanic Rambler' (Score 0.7). Total: 0.10s
2025-11-30 14:55:13,053 - INFO - [OCR] Winner: 'Griptide' (Score 0.6). Total: 0.09s
2025-11-30 14:55:13,192 - INFO - [OCR] Winner: 'Pharikas Disciple' (Score 0.6). Total: 0.14s
2025-11-30 14:55:13,668 - INFO - [Librarian] Processed 0IPFP in 25.91s
2025-11-30 14:55:13,891 - INFO - [OCR] Winner: 'Volcanic Rambler 62' (Score 0.7). Total: 0.11s
2025-11-30 14:55:15,529 - INFO - [Librarian] Processed 6H1LR in 27.77s
2025-11-30 14:55:15,728 - INFO - [OCR] Winner: 'Griptide' (Score 0.6). Total: 0.10s
2025-11-30 14:55:15,884 - INFO - [OCR] Winner: 'Pharika'$ Disciple' (Score 0.5). Total: 0.16s
2025-11-30 14:55:16,012 - INFO - [OCR] Winner: 'Volcanic Rambler' (Score 0.7). Total: 0.13s
2025-11-30 14:55:16,083 - INFO - [OCR] Winner: 'Griptide' (Score 0.6). Total: 0.07s
2025-11-30 14:55:16,250 - INFO - [OCR] Winner: 'Pharika's Disciple' (Score 0.6). Total: 0.17s
2025-11-30 14:55:16,343 - INFO - [OCR] Winner: 'Volcanic Rambler' (Score 0.7). Total: 0.09s
2025-11-30 14:55:16,457 - INFO - [OCR] Winner: 'Griptide' (Score 0.6). Total: 0.11s
2025-11-30 14:55:16,609 - INFO - [OCR] Winner: 'Pharika'$ Disciple' (Score 0.6). Total: 0.15s
2025-11-30 14:55:16,634 - INFO - [Librarian] Processed 0IPFP in 28.88s
2025-11-30 14:55:17,021 - INFO - [OCR] Winner: 'Volcanic Rambler' (Score 0.7). Total: 0.08s
2025-11-30 14:55:17,101 - INFO - [OCR] Winner: 'Griptide' (Score 0.5). Total: 0.08s
2025-11-30 14:55:17,165 - INFO - [OCR] Winner: '' (Score 0.0). Total: 0.06s
2025-11-30 14:55:18,057 - INFO - [OCR] Winner: 'Volcanic Rambler 5' (Score 0.7). Total: 0.11s
2025-11-30 14:55:18,164 - INFO - [OCR] Winner: 'Griptide' (Score 0.6). Total: 0.11s
2025-11-30 14:55:18,311 - INFO - [OCR] Winner: 'Pharika $ Disciple' (Score 0.7). Total: 0.15s
2025-11-30 14:55:18,333 - INFO - [Librarian] Processed 0IPFP in 30.58s
2025-11-30 14:55:19,059 - INFO - [OCR] Winner: 'Volcanic Rambler' (Score 0.7). Total: 0.09s
2025-11-30 14:55:19,165 - INFO - [OCR] Winner: 'Griptide' (Score 0.6). Total: 0.11s
2025-11-30 14:55:19,317 - INFO - [OCR] Winner: 'Pharika $ Disciple' (Score 0.6). Total: 0.15s
2025-11-30 14:55:20,073 - INFO - [OCR] Winner: 'Volcanic Rambler 5' (Score 0.7). Total: 0.11s
2025-11-30 14:55:20,141 - INFO - [OCR] Winner: 'Gripride' (Score 0.5). Total: 0.07s
2025-11-30 14:55:21,099 - INFO - [OCR] Winner: 'Volcanic Rambler' (Score 0.7). Total: 0.10s
2025-11-30 14:55:21,179 - INFO - [OCR] Winner: 'Griptide' (Score 0.6). Total: 0.08s
2025-11-30 14:55:21,336 - INFO - [OCR] Winner: 'Pharika $ Disciple' (Score 0.7). Total: 0.16s
2025-11-30 14:55:21,362 - INFO - [Librarian] Processed 5QEE9 in 33.60s
2025-11-30 14:55:22,089 - INFO - [OCR] Winner: 'Volcanic Rambler' (Score 0.7). Total: 0.09s
2025-11-30 14:55:22,198 - INFO - [OCR] Winner: 'Griptide' (Score 0.6). Total: 0.11s
2025-11-30 14:55:22,354 - INFO - [OCR] Winner: 'Pharika's Disciple' (Score 0.6). Total: 0.16s
2025-11-30 14:55:23,060 - INFO - [OCR] Winner: 'Volcanic Rambler' (Score 0.7). Total: 0.07s
2025-11-30 14:55:23,128 - INFO - [OCR] Winner: 'Griptide' (Score 0.6). Total: 0.07s
2025-11-30 14:55:23,246 - INFO - [OCR] Winner: 'Pharika'$ Disciple' (Score 0.6). Total: 0.12s
2025-11-30 14:55:24,208 - INFO - [OCR] Winner: '' (Score 0.0). Total: 0.06s
2025-11-30 14:55:24,300 - INFO - [OCR] Winner: 'Griptide' (Score 0.6). Total: 0.09s
2025-11-30 14:55:24,429 - INFO - [OCR] Winner: 'Pharika' $ Disciple' (Score 0.6). Total: 0.13s
2025-11-30 14:55:25,239 - INFO - [OCR] Winner: 'Volcanic Rambler' (Score 0.7). Total: 0.08s
2025-11-30 14:55:25,334 - INFO - [OCR] Winner: 'Griptide' (Score 0.6). Total: 0.09s
2025-11-30 14:55:25,431 - INFO - [OCR] Winner: 'pLD' (Score 0.2). Total: 0.10s
2025-11-30 14:55:26,336 - INFO - [OCR] Winner: 'Volcanic Rambler' (Score 0.7). Total: 0.07s
2025-11-30 14:55:26,406 - INFO - [OCR] Winner: 'Griptide (3' (Score 0.6). Total: 0.07s
2025-11-30 14:55:27,171 - INFO - [Librarian] Processed 1KWA9 in 39.41s
2025-11-30 14:55:27,410 - INFO - [OCR] Winner: '43 E/z' (Score 0.2). Total: 0.13s
2025-11-30 14:55:27,500 - INFO - [OCR] Winner: 'Volcanic Rambler' (Score 0.7). Total: 0.09s
2025-11-30 14:55:27,600 - INFO - [OCR] Winner: 'Griptide' (Score 0.6). Total: 0.10s
2025-11-30 14:55:27,662 - INFO - [OCR] Winner: '' (Score 0.0). Total: 0.06s
2025-11-30 14:55:28,299 - INFO - [OCR] Winner: 'Volcanic Rambler 5' (Score 0.7). Total: 0.10s
2025-11-30 14:55:28,390 - INFO - [OCR] Winner: 'Griptide' (Score 0.6). Total: 0.09s
2025-11-30 14:55:28,463 - INFO - [OCR] Winner: '' (Score 0.0). Total: 0.07s
2025-11-30 14:55:29,307 - INFO - [OCR] Winner: 'Volcanic Ranbler' (Score 0.7). Total: 0.08s
2025-11-30 14:55:29,391 - INFO - [OCR] Winner: 'Griptide' (Score 0.6). Total: 0.08s
2025-11-30 14:55:29,618 - INFO - [OCR] Winner: 'Pharika $ Disciple' (Score 0.6). Total: 0.23s
2025-11-30 14:55:29,642 - INFO - [Librarian] Processed BLBFS in 41.88s
2025-11-30 14:55:30,366 - INFO - [OCR] Winner: 'Valcanic Rambler 5' (Score 0.6). Total: 0.09s
2025-11-30 14:55:30,475 - INFO - [OCR] Winner: 'Griptide' (Score 0.6). Total: 0.11s
2025-11-30 14:55:30,528 - INFO - [OCR] Early Exit (Upright). Total: 0.05s
2025-11-30 14:55:30,554 - INFO - [Librarian] Processed BLBFS in 42.80s
2025-11-30 14:55:31,307 - INFO - [OCR] Winner: 'Volcanic Rambler' (Score 0.6). Total: 0.08s
2025-11-30 14:55:31,382 - INFO - [OCR] Winner: 'Griptide' (Score 0.6). Total: 0.07s
2025-11-30 14:55:31,436 - INFO - [OCR] Early Exit (Upright). Total: 0.05s
2025-11-30 14:55:31,463 - INFO - [Librarian] Processed BLBFS in 43.71s
2025-11-30 14:55:32,317 - INFO - [OCR] Winner: 'Volcanic Rambler 5' (Score 0.7). Total: 0.08s
2025-11-30 14:55:32,410 - INFO - [OCR] Winner: 'Griptide' (Score 0.6). Total: 0.09s
2025-11-30 14:55:32,465 - INFO - [OCR] Early Exit (Upright). Total: 0.05s
2025-11-30 14:55:33,343 - INFO - [OCR] Winner: 'Volcanlc Rambler' (Score 0.7). Total: 0.10s
2025-11-30 14:55:33,462 - INFO - [OCR] Winner: 'Griptide' (Score 0.6). Total: 0.12s
2025-11-30 14:55:33,506 - INFO - [OCR] Early Exit (Upright). Total: 0.04s
2025-11-30 14:55:33,519 - INFO - [Librarian] Processed BLBFS in 45.76s
2025-11-30 14:55:34,380 - INFO - [OCR] Winner: 'Volcanic Rambler 5' (Score 0.7). Total: 0.11s
2025-11-30 14:55:34,479 - INFO - [OCR] Winner: 'Griptide' (Score 0.6). Total: 0.10s
2025-11-30 14:55:34,655 - INFO - [OCR] Winner: 'Pharika $ Disciple' (Score 0.6). Total: 0.18s
2025-11-30 14:55:35,253 - INFO - [OCR] Winner: '' (Score 0.0). Total: 0.07s
2025-11-30 14:55:35,355 - INFO - [OCR] Winner: 'Griptide' (Score 0.5). Total: 0.10s
2025-11-30 14:55:35,562 - INFO - [OCR] Winner: 'Pharikals Disciple' (Score 0.5). Total: 0.21s
2025-11-30 14:55:36,326 - INFO - [OCR] Winner: 'Volcanic Rambler 5' (Score 0.7). Total: 0.11s
2025-11-30 14:55:36,428 - INFO - [OCR] Winner: 'Griptide' (Score 0.6). Total: 0.10s
2025-11-30 14:55:36,484 - INFO - [OCR] Early Exit (Upright). Total: 0.06s
2025-11-30 14:55:37,360 - INFO - [OCR] Winner: 'Volcanic Rambler 66' (Score 0.5). Total: 0.12s
2025-11-30 14:55:37,481 - INFO - [OCR] Winner: 'Griptide' (Score 0.6). Total: 0.12s
2025-11-30 14:55:37,555 - INFO - [OCR] Winner: '' (Score 0.0). Total: 0.07s
2025-11-30 14:55:38,276 - INFO - [OCR] Winner: '' (Score 0.0). Total: 0.06s
2025-11-30 14:55:38,348 - INFO - [OCR] Winner: 'Griptide' (Score 0.6). Total: 0.07s
2025-11-30 14:55:38,407 - INFO - [OCR] Early Exit (Upright). Total: 0.06s
2025-11-30 14:55:39,284 - INFO - [OCR] Winner: 'Volcanic Rambler 5' (Score 0.7). Total: 0.11s
2025-11-30 14:55:39,363 - INFO - [OCR] Winner: 'Griptide' (Score 0.4). Total: 0.08s
2025-11-30 14:55:39,562 - INFO - [OCR] Winner: 'Pharika $ Disciple' (Score 0.6). Total: 0.20s
2025-11-30 14:55:40,319 - INFO - [OCR] Winner: 'Volcanic Rambler' (Score 0.6). Total: 0.11s
2025-11-30 14:55:40,431 - INFO - [OCR] Winner: 'Griptide' (Score 0.5). Total: 0.11s
2025-11-30 14:55:40,620 - INFO - [OCR] Winner: 'Pharika s Disciple' (Score 0.6). Total: 0.19s
2025-11-30 14:55:41,296 - INFO - [OCR] Winner: 'Volcanic Rambler 5' (Score 0.7). Total: 0.11s
2025-11-30 14:55:41,370 - INFO - [OCR] Winner: 'Griptide' (Score 0.6). Total: 0.07s
2025-11-30 14:55:41,557 - INFO - [OCR] Winner: 'Pharika $ Disciple' (Score 0.5). Total: 0.19s
2025-11-30 14:55:42,293 - INFO - [OCR] Winner: 'Volcanic Ramblcr' (Score 0.6). Total: 0.08s
2025-11-30 14:55:42,361 - INFO - [OCR] Winner: '' (Score 0.0). Total: 0.07s
2025-11-30 14:55:42,429 - INFO - [OCR] Winner: '' (Score 0.0). Total: 0.07s
2025-11-30 14:55:43,282 - INFO - [OCR] Winner: 'Volcanic Rambler 65' (Score 0.6). Total: 0.11s
2025-11-30 14:55:43,387 - INFO - [OCR] Winner: 'Griptide' (Score 0.6). Total: 0.10s
2025-11-30 14:55:43,581 - INFO - [OCR] Winner: 'Pharika $ Disciple' (Score 0.6). Total: 0.19s
2025-11-30 14:55:44,323 - INFO - [OCR] Winner: 'Volcanic Rambler' (Score 0.7). Total: 0.08s
2025-11-30 14:55:44,444 - INFO - [OCR] Winner: 'Griptide' (Score 0.6). Total: 0.12s
2025-11-30 14:55:44,618 - INFO - [OCR] Winner: 'Pharika $ Disciple' (Score 0.6). Total: 0.17s
2025-11-30 14:55:45,369 - INFO - [OCR] Winner: 'Volcanic Rambler' (Score 0.7). Total: 0.11s
2025-11-30 14:55:45,483 - INFO - [OCR] Winner: 'Griptide' (Score 0.6). Total: 0.11s
2025-11-30 14:55:45,527 - INFO - [OCR] Early Exit (Upright). Total: 0.04s
2025-11-30 14:55:46,287 - INFO - [OCR] Winner: 'Volcanlc Rambler 5' (Score 0.6). Total: 0.11s
2025-11-30 14:55:46,396 - INFO - [OCR] Winner: 'Griptide' (Score 0.6). Total: 0.11s
2025-11-30 14:55:46,440 - INFO - [OCR] Early Exit (Upright). Total: 0.04s
2025-11-30 14:55:47,305 - INFO - [OCR] Winner: 'Volcanic Rambler 5' (Score 0.7). Total: 0.09s
2025-11-30 14:55:47,420 - INFO - [OCR] Winner: 'Griptide' (Score 0.6). Total: 0.11s
2025-11-30 14:55:47,470 - INFO - [OCR] Early Exit (Upright). Total: 0.05s
2025-11-30 14:55:47,495 - INFO - [Librarian] Processed BLBFS in 59.74s
2025-11-30 14:55:48,351 - INFO - [OCR] Winner: 'Volcanic Rambler 5' (Score 0.6). Total: 0.09s
2025-11-30 14:55:48,475 - INFO - [OCR] Winner: 'Griptide' (Score 0.6). Total: 0.12s
2025-11-30 14:55:48,530 - INFO - [OCR] Early Exit (Upright). Total: 0.06s
2025-11-30 14:55:49,329 - INFO - [OCR] Winner: 'Volcanic Rambler' (Score 0.7). Total: 0.09s
2025-11-30 14:55:49,426 - INFO - [OCR] Winner: 'Griptide' (Score 0.6). Total: 0.10s
2025-11-30 14:55:49,623 - INFO - [OCR] Winner: 'Pharika $ Disciple' (Score 0.6). Total: 0.20s
2025-11-30 14:55:50,370 - INFO - [OCR] Winner: 'Volcanic Rambler' (Score 0.5). Total: 0.10s
2025-11-30 14:55:50,477 - INFO - [OCR] Winner: 'Griptide' (Score 0.6). Total: 0.11s
2025-11-30 14:55:50,533 - INFO - [OCR] Early Exit (Upright). Total: 0.06s
2025-11-30 14:55:51,296 - INFO - [OCR] Winner: 'Volcanic Rambler 5' (Score 0.7). Total: 0.09s
2025-11-30 14:55:51,406 - INFO - [OCR] Winner: 'Griptide' (Score 0.6). Total: 0.11s
2025-11-30 14:55:51,456 - INFO - [OCR] Early Exit (Upright). Total: 0.05s
2025-11-30 14:55:52,297 - INFO - [OCR] Winner: 'Volcanic Rambler 5' (Score 0.7). Total: 0.09s
2025-11-30 14:55:52,366 - INFO - [OCR] Winner: '' (Score 0.0). Total: 0.07s
2025-11-30 14:55:52,411 - INFO - [OCR] Early Exit (Upright). Total: 0.04s
2025-11-30 14:55:53,295 - INFO - [OCR] Winner: 'Volcanic Rambler 5' (Score 0.6). Total: 0.12s
2025-11-30 14:55:53,433 - INFO - [OCR] Winner: 'Griptide' (Score 0.6). Total: 0.14s
2025-11-30 14:55:53,482 - INFO - [OCR] Early Exit (Upright). Total: 0.05s
2025-11-30 14:55:54,327 - INFO - [OCR] Winner: 'Volcanic Rambler 5' (Score 0.7). Total: 0.11s
2025-11-30 14:55:54,447 - INFO - [OCR] Winner: 'Griptide' (Score 0.6). Total: 0.12s
2025-11-30 14:55:54,513 - INFO - [OCR] Winner: '' (Score 0.0). Total: 0.07s
2025-11-30 14:55:55,380 - INFO - [OCR] Winner: 'Volcanic Rambler 5' (Score 0.7). Total: 0.12s
2025-11-30 14:55:55,491 - INFO - [OCR] Winner: 'Griptide' (Score 0.5). Total: 0.11s
2025-11-30 14:55:55,556 - INFO - [OCR] Winner: '' (Score 0.0). Total: 0.06s
2025-11-30 14:55:56,341 - INFO - [OCR] Winner: 'Volcanic Rambler' (Score 0.7). Total: 0.11s
2025-11-30 14:55:56,420 - INFO - [OCR] Winner: 'Griptide' (Score 0.6). Total: 0.08s
2025-11-30 14:55:56,487 - INFO - [OCR] Winner: '' (Score 0.0). Total: 0.07s
2025-11-30 14:55:57,316 - INFO - [OCR] Winner: '' (Score 0.0). Total: 0.07s
2025-11-30 14:55:57,378 - INFO - [OCR] Winner: '' (Score 0.0). Total: 0.06s
2025-11-30 14:55:57,458 - INFO - [OCR] Winner: '' (Score 0.0). Total: 0.07s
2025-11-30 14:55:59,240 - INFO - [OCR] Winner: '' (Score 0.0). Total: 0.08s
2025-11-30 14:56:00,365 - INFO - [OCR] Winner: 'Kruphix s Insight' (Score 0.5). Total: 0.16s
2025-11-30 14:56:00,714 - INFO - [Librarian] Processed UXCD6 in 72.96s
2025-11-30 14:56:01,377 - INFO - [OCR] Winner: 'Kruphix' 5 Insight' (Score 0.6). Total: 0.14s
2025-11-30 14:56:02,394 - INFO - [Librarian] Processed UXCD6 in 74.64s
2025-11-30 14:56:02,629 - INFO - [OCR] Winner: 'Kruphix $ Insight' (Score 0.6). Total: 0.13s
2025-11-30 14:56:03,429 - INFO - [OCR] Winner: 'Kruphix $ Insight' (Score 0.5). Total: 0.18s
2025-11-30 14:56:04,277 - INFO - [OCR] Winner: '' (Score 0.0). Total: 0.07s
2025-11-30 14:56:07,421 - INFO - [OCR] Winner: 'Kruphi' (Score 0.5). Total: 0.13s
2025-11-30 14:56:09,003 - INFO - [OCR] Winner: 'Kruphi' (Score 0.4). Total: 0.13s
2025-11-30 14:56:09,324 - INFO - [OCR] Winner: 'Kruphi' (Score 0.4). Total: 0.10s
2025-11-30 14:56:10,359 - INFO - [OCR] Winner: 'Kruphi' (Score 0.5). Total: 0.08s
2025-11-30 14:56:11,347 - INFO - [OCR] Winner: 'Kruph' (Score 0.3). Total: 0.10s
2025-11-30 14:56:13,366 - INFO - [OCR] Winner: 'Kruphi' (Score 0.4). Total: 0.14s
2025-11-30 14:56:13,478 - INFO - [OCR] Winner: 'Kruphlx's Insight' (Score 0.6). Total: 0.11s
2025-11-30 14:56:14,787 - INFO - [Librarian] Processed DU4P3 in 87.03s
2025-11-30 14:56:15,026 - INFO - [OCR] Winner: 'Kruphlx's Insight' (Score 0.7). Total: 0.14s
2025-11-30 14:56:15,052 - INFO - [Librarian] Processed DU4P3 in 87.29s
2025-11-30 14:56:15,447 - INFO - [OCR] Winner: '' (Score 0.0). Total: 0.07s
2025-11-30 14:56:16,370 - INFO - [OCR] Winner: 'Kruphix s Insight' (Score 0.6). Total: 0.08s
2025-11-30 14:56:17,454 - INFO - [OCR] Winner: '' (Score 0.0). Total: 0.11s
2025-11-30 14:56:18,390 - INFO - [OCR] Winner: '' (Score 0.0). Total: 0.06s
2025-11-30 14:56:28,586 - INFO - [OCR] Winner: '' (Score 0.0). Total: 0.23s
2025-11-30 14:56:28,679 - INFO - [OCR] Winner: '' (Score 0.0). Total: 0.09s
2025-11-30 14:56:29,652 - INFO - [OCR] Winner: 'mbler 52' (Score 0.4). Total: 0.09s
2025-11-30 14:56:38,244 - INFO - [OCR] Winner: 'arka Disciple' (Score 0.5). Total: 0.20s
2025-11-30 14:56:41,452 - INFO - [Librarian] Processed ZGMYL in 113.70s
2025-11-30 14:56:41,714 - INFO - [OCR] Winner: 'Volcanic Rambler' (Score 0.6). Total: 0.15s
2025-11-30 14:56:41,734 - INFO - [Librarian] Processed 391J0 in 113.98s
2025-11-30 14:56:42,018 - INFO - [OCR] Winner: 'Pharika s Disciple' (Score 0.6). Total: 0.18s
2025-11-30 14:56:42,031 - INFO - [Librarian] Processed ZGMYL in 114.27s
2025-11-30 14:56:42,251 - INFO - [OCR] Winner: 'Volcanic Rambler 5' (Score 0.7). Total: 0.11s
2025-11-30 14:56:42,281 - INFO - [Librarian] Processed 391J0 in 114.52s
2025-11-30 14:56:42,430 - INFO - [OCR] Early Exit (Upright). Total: 0.05s
2025-11-30 14:56:42,451 - INFO - [Librarian] Processed ZGMYL in 114.69s
2025-11-30 14:56:42,667 - INFO - [OCR] Winner: 'Volcanic Rambler' (Score 0.6). Total: 0.11s
2025-11-30 14:56:42,774 - INFO - [OCR] Winner: 'Pharika $ Disciple' (Score 0.5). Total: 0.11s
2025-11-30 14:56:42,900 - INFO - [OCR] Winner: 'Volcanic Rambler' (Score 0.6). Total: 0.13s
2025-11-30 14:56:43,054 - INFO - [OCR] Winner: 'Pharika $ Disciple' (Score 0.6). Total: 0.15s
2025-11-30 14:56:43,192 - INFO - [OCR] Winner: 'Volcanic Rambler 5' (Score 0.6). Total: 0.14s
2025-11-30 14:56:43,350 - INFO - [OCR] Winner: 'Pharika $ Disciplc' (Score 0.6). Total: 0.16s
2025-11-30 14:56:43,490 - INFO - [OCR] Winner: 'Volcanic Rambler' (Score 0.7). Total: 0.14s
2025-11-30 14:56:43,655 - INFO - [OCR] Winner: 'Pharika $ Disciple' (Score 0.5). Total: 0.17s
2025-11-30 14:56:43,777 - INFO - [OCR] Winner: 'Volcanic Rambler' (Score 0.7). Total: 0.12s
2025-11-30 14:56:43,829 - INFO - [OCR] Early Exit (Upright). Total: 0.05s
2025-11-30 14:56:43,849 - INFO - [Librarian] Processed ZGMYL in 116.09s
2025-11-30 14:56:44,087 - INFO - [OCR] Winner: '1 @lack Car' (Score 0.4). Total: 0.14s
2025-11-30 14:56:50,206 - INFO - [OCR] Winner: '' (Score 0.0). Total: 0.17s
2025-11-30 14:56:50,345 - INFO - [OCR] Winner: 'Pharika 5 Disciple' (Score 0.6). Total: 0.14s
2025-11-30 14:56:50,408 - INFO - [OCR] Winner: '' (Score 0.0). Total: 0.06s
2025-11-30 14:56:50,541 - INFO - [OCR] Winner: 'Volcanic Rambler 5' (Score 0.7). Total: 0.13s
2025-11-30 14:56:50,702 - INFO - [OCR] Winner: 'Pharika S Disciple' (Score 0.6). Total: 0.16s
2025-11-30 14:56:50,760 - INFO - [OCR] Winner: '' (Score 0.0). Total: 0.06s
2025-11-30 14:56:50,869 - INFO - [OCR] Winner: 'Volcanic Rambler 5' (Score 0.7). Total: 0.11s
2025-11-30 14:56:50,892 - INFO - [Librarian] Processed 391J0 in 123.13s
2025-11-30 14:56:51,110 - INFO - [OCR] Winner: 'Pharika $ Disciple' (Score 0.5). Total: 0.11s
2025-11-30 14:56:51,181 - INFO - [OCR] Winner: '' (Score 0.0). Total: 0.07s
2025-11-30 14:56:51,270 - INFO - [OCR] Winner: 'Volcanic Rambler' (Score 0.7). Total: 0.09s
2025-11-30 14:56:51,312 - INFO - [OCR] Early Exit (Upright). Total: 0.04s
2025-11-30 14:56:51,401 - INFO - [OCR] Winner: 'ack Cai' (Score 0.4). Total: 0.09s
2025-11-30 14:56:56,191 - INFO - [OCR] Winner: 'Jicanic Rambler' (Score 0.6). Total: 0.20s
2025-11-30 14:56:56,376 - INFO - [OCR] Winner: 'Pharika $ Disciple' (Score 0.6). Total: 0.18s
2025-11-30 14:56:56,457 - INFO - [OCR] Winner: 'Black Cat' (Score 0.5). Total: 0.08s
2025-11-30 14:56:56,776 - INFO - [Librarian] Processed 5DKQB in 129.02s
2025-11-30 14:56:56,974 - INFO - [OCR] Winner: 'Volcanic Rambler' (Score 0.7). Total: 0.10s
2025-11-30 14:56:57,016 - INFO - [OCR] Early Exit (Upright). Total: 0.04s
2025-11-30 14:56:57,028 - INFO - [Librarian] Processed ZGMYL in 129.27s
2025-11-30 14:56:57,235 - INFO - [OCR] Winner: 'Volcanic Rambler' (Score 0.7). Total: 0.11s
2025-11-30 14:56:57,282 - INFO - [OCR] Early Exit (Upright). Total: 0.05s
2025-11-30 14:56:57,344 - INFO - [OCR] Winner: '' (Score 0.0). Total: 0.06s
2025-11-30 14:56:57,448 - INFO - [OCR] Winner: 'Volcanic Rambler 5' (Score 0.6). Total: 0.10s
2025-11-30 14:56:57,498 - INFO - [OCR] Early Exit (Upright). Total: 0.05s
2025-11-30 14:56:57,567 - INFO - [OCR] Winner: '' (Score 0.0). Total: 0.07s
2025-11-30 14:56:57,654 - INFO - [OCR] Winner: 'Volcanic Rambler' (Score 0.7). Total: 0.09s
2025-11-30 14:56:57,778 - INFO - [OCR] Winner: 'Pharika$ Disciple' (Score 0.6). Total: 0.12s
2025-11-30 14:56:57,847 - INFO - [OCR] Winner: '' (Score 0.0). Total: 0.07s
2025-11-30 14:56:57,934 - INFO - [OCR] Winner: 'Volcanic Rambler' (Score 0.6). Total: 0.09s
2025-11-30 14:56:58,093 - INFO - [OCR] Winner: 'Pharika $ Disciple' (Score 0.6). Total: 0.16s
2025-11-30 14:56:58,152 - INFO - [OCR] Winner: '' (Score 0.0). Total: 0.06s
2025-11-30 14:56:58,269 - INFO - [OCR] Winner: 'Volcanic Rambler' (Score 0.7). Total: 0.12s
2025-11-30 14:56:58,399 - INFO - [OCR] Winner: 'Pharika $ Disciple' (Score 0.5). Total: 0.13s
2025-11-30 14:56:58,463 - INFO - [OCR] Winner: '' (Score 0.0). Total: 0.06s
2025-11-30 14:56:58,573 - INFO - [OCR] Winner: 'Volcanic Rambler' (Score 0.6). Total: 0.11s
2025-11-30 14:56:58,713 - INFO - [OCR] Winner: 'Pharika's Disciplc' (Score 0.6). Total: 0.14s
2025-11-30 14:56:58,790 - INFO - [OCR] Winner: '' (Score 0.0). Total: 0.08s
2025-11-30 14:56:58,887 - INFO - [OCR] Winner: 'Volcanic Rambler' (Score 0.7). Total: 0.10s
2025-11-30 14:56:58,946 - INFO - [OCR] Early Exit (Upright). Total: 0.06s
2025-11-30 14:57:00,708 - INFO - [Librarian] Processed ZGMYL in 132.95s
2025-11-30 14:57:00,908 - INFO - [OCR] Winner: '' (Score 0.0). Total: 0.10s
2025-11-30 14:57:00,999 - INFO - [OCR] Winner: 'Yolcanic Rambler' (Score 0.6). Total: 0.09s
2025-11-30 14:57:01,044 - INFO - [OCR] Early Exit (Upright). Total: 0.05s
2025-11-30 14:57:01,115 - INFO - [OCR] Winner: '' (Score 0.0). Total: 0.07s
2025-11-30 14:57:01,195 - INFO - [OCR] Winner: 'Volcanic Rambler' (Score 0.7). Total: 0.08s
2025-11-30 14:57:01,322 - INFO - [OCR] Winner: 'Pharika $ Disciple' (Score 0.6). Total: 0.13s
2025-11-30 14:57:01,413 - INFO - [OCR] Winner: 'Volcanic Rambler' (Score 0.6). Total: 0.09s
2025-11-30 14:57:01,457 - INFO - [OCR] Early Exit (Upright). Total: 0.04s
2025-11-30 14:57:01,550 - INFO - [OCR] Winner: 'Volcanic Rambler' (Score 0.7). Total: 0.09s
2025-11-30 14:57:01,602 - INFO - [OCR] Early Exit (Upright). Total: 0.05s
2025-11-30 14:57:01,664 - INFO - [OCR] Winner: '' (Score 0.0). Total: 0.06s
2025-11-30 14:57:01,732 - INFO - [OCR] Winner: '' (Score 0.0). Total: 0.07s
2025-11-30 14:57:01,828 - INFO - [OCR] Winner: 'Rambler Volcanic' (Score 0.7). Total: 0.10s
2025-11-30 14:57:01,851 - INFO - [Librarian] Processed 1UT3P in 134.09s
2025-11-30 14:57:01,998 - INFO - [OCR] Early Exit (Upright). Total: 0.05s
2025-11-30 14:57:04,415 - INFO - [OCR] Winner: 'Volcanic Rambler' (Score 0.7). Total: 0.14s
2025-11-30 14:57:04,621 - INFO - [OCR] Winner: 'L' (Score 0.2). Total: 0.21s
2025-11-30 14:57:07,968 - INFO - [OCR] Winner: 'Volcanic Rambler' (Score 0.7). Total: 0.17s
2025-11-30 14:57:08,093 - INFO - [OCR] Winner: 'Ha' (Score 0.2). Total: 0.13s
2025-11-30 14:57:10,817 - INFO - [OCR] Winner: 'Volcanic Rambler' (Score 0.7). Total: 0.14s
2025-11-30 14:57:10,973 - INFO - [OCR] Winner: '1' (Score 0.4). Total: 0.15s
2025-11-30 14:57:12,092 - INFO - [OCR] Winner: 'Volcanic Rambler' (Score 0.7). Total: 0.14s
2025-11-30 14:57:12,168 - INFO - [OCR] Winner: '' (Score 0.0). Total: 0.08s
2025-11-30 14:57:12,259 - INFO - [OCR] Winner: 'Volcanic Rambler' (Score 0.7). Total: 0.09s
2025-11-30 14:57:12,354 - INFO - [OCR] Winner: '' (Score 0.0). Total: 0.09s
2025-11-30 14:57:12,447 - INFO - [OCR] Winner: 'Volcanic Rambler 60' (Score 0.6). Total: 0.09s
2025-11-30 14:57:12,546 - INFO - [OCR] Winner: '' (Score 0.0). Total: 0.10s
2025-11-30 14:57:12,616 - INFO - [OCR] Winner: '' (Score 0.0). Total: 0.07s
2025-11-30 14:57:12,678 - INFO - [OCR] Winner: '' (Score 0.0). Total: 0.06s
2025-11-30 14:57:12,851 - INFO - [OCR] Winner: 'Black Car' (Score 0.4). Total: 0.17s
2025-11-30 14:57:13,322 - INFO - [Librarian] Processed 0Q5MF in 145.56s
2025-11-30 14:57:13,544 - INFO - [OCR] Winner: 'Volcanic Rambler 5' (Score 0.7). Total: 0.11s
2025-11-30 14:57:13,567 - INFO - [Librarian] Processed 1UT3P in 145.81s
2025-11-30 14:57:13,738 - INFO - [OCR] Early Exit (Upright). Total: 0.06s
2025-11-30 14:57:15,449 - INFO - [OCR] Winner: 'Volcanic Rambler 5' (Score 0.7). Total: 0.19s
2025-11-30 14:57:15,460 - INFO - [Librarian] Processed 1UT3P in 147.70s
2025-11-30 14:57:15,640 - INFO - [OCR] Early Exit (Upright). Total: 0.07s
2025-11-30 14:57:19,693 - INFO - [OCR] Winner: '' (Score 0.0). Total: 0.12s
2025-11-30 14:57:19,816 - INFO - [OCR] Winner: 'Volcanic Rambler' (Score 0.6). Total: 0.12s
2025-11-30 14:57:19,966 - INFO - [OCR] Winner: '@lack Car' (Score 0.4). Total: 0.15s
2025-11-30 14:57:20,748 - INFO - [OCR] Winner: 'Pharika $ Distinle' (Score 0.4). Total: 0.16s
2025-11-30 14:57:20,890 - INFO - [OCR] Winner: 'Volcanic Rambler 5' (Score 0.7). Total: 0.14s
2025-11-30 14:57:21,034 - INFO - [OCR] Winner: 'Black Cat 1' (Score 0.4). Total: 0.14s
2025-11-30 14:57:22,047 - INFO - [Librarian] Processed 0Q5MF in 154.29s
2025-11-30 14:57:22,320 - INFO - [OCR] Winner: 'Pharika $ Disciple' (Score 0.6). Total: 0.17s
2025-11-30 14:57:22,341 - INFO - [Librarian] Processed SPHD4 in 154.58s
2025-11-30 14:57:22,550 - INFO - [OCR] Winner: 'Volcanic Rambler' (Score 0.7). Total: 0.11s
2025-11-30 14:57:22,599 - INFO - [OCR] Early Exit (Upright). Total: 0.05s
2025-11-30 14:57:27,795 - INFO - [OCR] Winner: 'Pharikals Disciple' (Score 0.7). Total: 0.16s
2025-11-30 14:57:28,253 - INFO - [Librarian] Processed SPHD4 in 160.50s
2025-11-30 14:57:28,494 - INFO - [OCR] Winner: 'Volcanic Rombler 56' (Score 0.6). Total: 0.13s
2025-11-30 14:57:28,548 - INFO - [OCR] Early Exit (Upright). Total: 0.05s
2025-11-30 14:57:28,705 - INFO - [OCR] Winner: 'Pharika s Disciple' (Score 0.6). Total: 0.16s
2025-11-30 14:57:28,771 - INFO - [OCR] Winner: '' (Score 0.0). Total: 0.07s
2025-11-30 14:57:28,934 - INFO - [OCR] Winner: 'Black Cat 1' (Score 0.5). Total: 0.16s
2025-11-30 14:57:28,961 - INFO - [Librarian] Processed 0Q5MF in 161.20s
2025-11-30 14:57:29,255 - INFO - [OCR] Winner: 'Pharika's Disciple' (Score 0.6). Total: 0.19s
2025-11-30 14:57:29,392 - INFO - [OCR] Winner: 'Volcanic Rambler' (Score 0.6). Total: 0.14s
2025-11-30 14:57:29,539 - INFO - [OCR] Winner: '@lack Cat' (Score 0.3). Total: 0.15s
2025-11-30 14:57:29,706 - INFO - [OCR] Winner: 'Pharika s Disciple' (Score 0.6). Total: 0.17s
2025-11-30 14:57:29,831 - INFO - [OCR] Winner: 'Volcanic Rambler' (Score 0.7). Total: 0.13s
2025-11-30 14:57:29,968 - INFO - [OCR] Winner: 'Black Car' (Score 0.5). Total: 0.14s
2025-11-30 14:57:30,155 - INFO - [OCR] Winner: 'Pharika s Disciple' (Score 0.6). Total: 0.19s
2025-11-30 14:57:30,284 - INFO - [OCR] Winner: 'Volcanic Rambler 6' (Score 0.7). Total: 0.13s
2025-11-30 14:57:30,427 - INFO - [OCR] Winner: 'Black Cat' (Score 0.5). Total: 0.14s
2025-11-30 14:57:30,612 - INFO - [OCR] Winner: 'Pharikals Disciple' (Score 0.6). Total: 0.18s
2025-11-30 14:57:30,739 - INFO - [OCR] Winner: 'Yolcanic Rambler 5' (Score 0.6). Total: 0.13s
2025-11-30 14:57:30,885 - INFO - [OCR] Winner: 'Black Cat' (Score 0.4). Total: 0.15s
2025-11-30 14:57:30,935 - INFO - [OCR] Early Exit (Upright). Total: 0.05s
2025-11-30 14:57:30,952 - INFO - [Librarian] Processed SPHD4 in 163.20s
2025-11-30 14:57:31,183 - INFO - [OCR] Winner: 'Volcanic Rambler' (Score 0.7). Total: 0.13s
2025-11-30 14:57:31,226 - INFO - [OCR] Early Exit (Upright). Total: 0.04s
2025-11-30 14:57:31,275 - INFO - [OCR] Early Exit (Upright). Total: 0.05s
2025-11-30 14:57:31,398 - INFO - [OCR] Winner: 'Volcanic Rambler' (Score 0.6). Total: 0.12s
2025-11-30 14:57:31,599 - INFO - [OCR] Winner: '@lack Car' (Score 0.3). Total: 0.20s
2025-11-30 14:57:31,649 - INFO - [OCR] Early Exit (Upright). Total: 0.05s
2025-11-30 14:57:31,671 - INFO - [Librarian] Processed SPHD4 in 163.91s
2025-11-30 14:57:31,914 - INFO - [OCR] Winner: 'Volcanic Rambler' (Score 0.7). Total: 0.13s
2025-11-30 14:57:32,061 - INFO - [OCR] Winner: 'Black Car 1' (Score 0.4). Total: 0.15s
2025-11-30 14:57:32,116 - INFO - [OCR] Early Exit (Upright). Total: 0.05s
2025-11-30 14:57:32,235 - INFO - [OCR] Winner: 'Volcanic Rambler 5' (Score 0.6). Total: 0.12s
2025-11-30 14:57:32,307 - INFO - [OCR] Winner: '' (Score 0.0). Total: 0.07s
2025-11-30 14:57:32,352 - INFO - [OCR] Early Exit (Upright). Total: 0.04s
2025-11-30 14:57:32,450 - INFO - [OCR] Winner: 'Volcanic Rambler 5' (Score 0.7). Total: 0.10s
2025-11-30 14:57:32,503 - INFO - [OCR] Early Exit (Upright). Total: 0.05s
2025-11-30 14:57:32,659 - INFO - [OCR] Winner: 'Pharika's Disciple' (Score 0.6). Total: 0.16s
2025-11-30 14:57:32,782 - INFO - [OCR] Winner: 'Volcanic Rambler 5' (Score 0.5). Total: 0.12s
2025-11-30 14:57:32,970 - INFO - [OCR] Winner: '@lack Caf 1' (Score 0.4). Total: 0.19s
2025-11-30 14:57:33,117 - INFO - [OCR] Winner: 'Pharika s Disclple' (Score 0.5). Total: 0.15s
2025-11-30 14:57:33,182 - INFO - [OCR] Winner: '' (Score 0.0). Total: 0.06s
2025-11-30 14:57:33,256 - INFO - [OCR] Winner: '' (Score 0.0). Total: 0.07s
2025-11-30 14:57:33,299 - INFO - [OCR] Early Exit (Upright). Total: 0.04s
2025-11-30 14:57:33,323 - INFO - [Librarian] Processed SPHD4 in 165.57s
2025-11-30 14:57:33,510 - INFO - [OCR] Winner: '' (Score 0.0). Total: 0.07s
2025-11-30 14:57:33,585 - INFO - [OCR] Winner: '' (Score 0.0). Total: 0.07s
2025-11-30 14:57:33,747 - INFO - [OCR] Winner: 'Pharika $ Disciple' (Score 0.6). Total: 0.16s
2025-11-30 14:57:33,904 - INFO - [OCR] Winner: 'Volcanic Rambler 5' (Score 0.6). Total: 0.16s
2025-11-30 14:57:34,055 - INFO - [OCR] Winner: 'Dlack Cat 1' (Score 0.5). Total: 0.15s
2025-11-30 14:57:34,245 - INFO - [OCR] Winner: 'Pharika s Disciple' (Score 0.5). Total: 0.19s
2025-11-30 14:57:34,339 - INFO - [OCR] Winner: 'Volcanic Rambler' (Score 0.6). Total: 0.09s
2025-11-30 14:57:34,425 - INFO - [OCR] Winner: 'Dlack Car' (Score 0.3). Total: 0.09s
2025-11-30 14:57:34,596 - INFO - [OCR] Winner: 'Pharika'5 Disciple' (Score 0.5). Total: 0.17s
2025-11-30 14:57:34,655 - INFO - [OCR] Winner: '' (Score 0.0). Total: 0.06s
2025-11-30 14:57:34,784 - INFO - [OCR] Winner: 'Black Cai 1' (Score 0.5). Total: 0.13s
2025-11-30 14:57:35,434 - INFO - [Librarian] Processed 0Q5MF in 167.68s
2025-11-30 14:57:35,710 - INFO - [OCR] Winner: 'Pharika s Disciple' (Score 0.6). Total: 0.18s
2025-11-30 14:57:35,775 - INFO - [OCR] Winner: '' (Score 0.0). Total: 0.06s
2025-11-30 14:57:35,905 - INFO - [OCR] Winner: '@lack Cai' (Score 0.3). Total: 0.13s
2025-11-30 14:57:35,959 - INFO - [OCR] Early Exit (Upright). Total: 0.05s
2025-11-30 14:57:36,030 - INFO - [OCR] Winner: '' (Score 0.0). Total: 0.07s
2025-11-30 14:57:36,170 - INFO - [OCR] Winner: 'Dlack Car' (Score 0.4). Total: 0.14s
2025-11-30 14:57:36,393 - INFO - [OCR] Winner: 'Pharika's Disciple' (Score 0.6). Total: 0.22s
2025-11-30 14:57:36,498 - INFO - [OCR] Winner: 'Volcanic Rambler' (Score 0.7). Total: 0.10s
2025-11-30 14:57:36,638 - INFO - [OCR] Winner: 'Dlack Cat' (Score 0.5). Total: 0.14s
2025-11-30 14:57:36,706 - INFO - [OCR] Early Exit (Upright). Total: 0.07s
2025-11-30 14:57:37,578 - INFO - [Librarian] Processed SPHD4 in 169.82s
2025-11-30 14:57:37,764 - INFO - [OCR] Winner: '' (Score 0.0). Total: 0.08s
2025-11-30 14:57:37,836 - INFO - [OCR] Winner: '' (Score 0.0). Total: 0.07s
2025-11-30 14:57:37,900 - INFO - [OCR] Winner: '' (Score 0.0). Total: 0.06s
2025-11-30 14:57:38,021 - INFO - [OCR] Winner: 'Volcanic Rambler' (Score 0.7). Total: 0.12s
2025-11-30 14:57:38,100 - INFO - [OCR] Winner: '' (Score 0.0). Total: 0.08s
2025-11-30 14:57:38,168 - INFO - [OCR] Winner: '' (Score 0.0). Total: 0.07s
2025-11-30 14:57:38,246 - INFO - [OCR] Winner: '' (Score 0.0). Total: 0.08s
2025-11-30 14:57:38,331 - INFO - [OCR] Winner: 'Dlack Cai' (Score 0.3). Total: 0.09s
2025-11-30 14:57:38,384 - INFO - [OCR] Early Exit (Upright). Total: 0.05s
2025-11-30 14:57:38,487 - INFO - [OCR] Winner: 'Volcanic Rombler' (Score 0.7). Total: 0.10s
2025-11-30 14:57:38,613 - INFO - [OCR] Winner: '@lack Car' (Score 0.3). Total: 0.13s
2025-11-30 14:57:38,786 - INFO - [OCR] Winner: 'Pharika s Disciple' (Score 0.6). Total: 0.17s
2025-11-30 14:57:38,891 - INFO - [OCR] Winner: 'Volcanic Rambler' (Score 0.7). Total: 0.10s
2025-11-30 14:57:39,007 - INFO - [OCR] Winner: 'Black Cai 1' (Score 0.4). Total: 0.12s
2025-11-30 14:57:39,181 - INFO - [OCR] Winner: 'Pharika's Disciple' (Score 0.5). Total: 0.17s
2025-11-30 14:57:39,279 - INFO - [OCR] Winner: 'Volcanic Rambler' (Score 0.7). Total: 0.10s
2025-11-30 14:57:39,379 - INFO - [OCR] Winner: 'Black Car' (Score 0.3). Total: 0.10s
2025-11-30 14:57:39,548 - INFO - [OCR] Winner: 'Pharika'$ Disciple' (Score 0.6). Total: 0.17s
2025-11-30 14:57:39,687 - INFO - [OCR] Winner: 'Volcanic Rambler' (Score 0.6). Total: 0.14s
2025-11-30 14:57:39,731 - INFO - [OCR] Early Exit (Upright). Total: 0.04s
2025-11-30 14:57:39,800 - INFO - [OCR] Winner: '' (Score 0.0). Total: 0.07s
2025-11-30 14:57:39,894 - INFO - [OCR] Winner: 'Volcanic Rambler' (Score 0.6). Total: 0.09s
2025-11-30 14:57:40,001 - INFO - [OCR] Winner: 'Llack Cai 1' (Score 0.4). Total: 0.11s
2025-11-30 14:57:40,065 - INFO - [OCR] Winner: '' (Score 0.0). Total: 0.06s
2025-11-30 14:57:40,195 - INFO - [OCR] Winner: 'Volcanic Rombler 5' (Score 0.6). Total: 0.13s
2025-11-30 14:57:40,301 - INFO - [OCR] Winner: 'Wlack Cat' (Score 0.3). Total: 0.11s
2025-11-30 14:57:40,496 - INFO - [OCR] Winner: 'Pharika s Disciple' (Score 0.6). Total: 0.20s
2025-11-30 14:57:40,978 - INFO - [OCR] Winner: 'Volcanic Rambler' (Score 0.7). Total: 0.13s
2025-11-30 14:57:41,047 - INFO - [OCR] Early Exit (Upright). Total: 0.07s
2025-11-30 14:57:41,072 - INFO - [Librarian] Processed 0Q5MF in 173.31s
2025-11-30 14:57:41,239 - INFO - [OCR] Early Exit (Upright). Total: 0.06s
2025-11-30 14:57:41,948 - INFO - [OCR] Winner: 'Fnher' (Score 0.3). Total: 0.09s
2025-11-30 14:57:42,021 - INFO - [OCR] Winner: '' (Score 0.0). Total: 0.07s
2025-11-30 14:57:42,220 - INFO - [OCR] Winner: 'miccinle' (Score 0.3). Total: 0.20s
2025-11-30 14:57:42,953 - INFO - [OCR] Winner: '' (Score 0.0). Total: 0.07s
2025-11-30 14:57:45,910 - INFO - [OCR] Winner: '' (Score 0.0). Total: 0.12s
2025-11-30 14:57:46,015 - INFO - [OCR] Winner: '' (Score 0.0). Total: 0.11s
2025-11-30 14:57:48,977 - INFO - [OCR] Winner: 'Read' (Score 0.5). Total: 0.16s
2025-11-30 14:57:50,140 - INFO - [OCR] Winner: 'Read' (Score 0.5). Total: 0.13s
2025-11-30 14:57:50,983 - INFO - [OCR] Winner: '' (Score 0.0). Total: 0.12s
2025-11-30 14:57:51,904 - INFO - [OCR] Winner: '' (Score 0.0). Total: 0.07s
2025-11-30 14:57:52,964 - INFO - [OCR] Winner: '' (Score 0.0). Total: 0.09s
2025-11-30 14:57:53,956 - INFO - [OCR] Winner: '' (Score 0.0). Total: 0.13s
2025-11-30 14:57:55,008 - INFO - [OCR] Winner: 'Read lhe Bones' (Score 0.5). Total: 0.19s
2025-11-30 14:57:55,447 - INFO - [Librarian] Processed 8PRAS in 187.69s
2025-11-30 14:57:55,992 - INFO - [OCR] Winner: 'Read the Bones' (Score 0.5). Total: 0.14s
2025-11-30 14:57:56,893 - INFO - [OCR] Early Exit (Upright). Total: 0.06s
2025-11-30 14:57:57,487 - INFO - [Librarian] Processed 8PRAS in 189.73s
2025-11-30 14:57:58,012 - INFO - [OCR] Winner: 'Read the Bones' (Score 0.5). Total: 0.18s
2025-11-30 14:57:58,993 - INFO - [OCR] Winner: 'Read the Bones' (Score 0.5). Total: 0.12s
2025-11-30 14:57:59,940 - INFO - [OCR] Winner: '' (Score 0.0). Total: 0.10s
2025-11-30 14:58:06,918 - INFO - Starting Dashboard...
2025-11-30 14:58:23,551 - INFO - Starting Scanner...
2025-11-30 14:58:23,646 - INFO - Initializing EasyOCR Engine (GPU)...
2025-11-30 14:58:24,814 - INFO - Librarian Service Started.
2025-11-30 14:58:34,718 - INFO - [OCR] Early Exit (Upright). Total: 0.15s
2025-11-30 14:58:35,990 - INFO - [Librarian] Processed 9ZECX in 11.18s
2025-11-30 14:58:36,171 - INFO - [OCR] Early Exit (Upright). Total: 0.08s
2025-11-30 14:58:37,171 - INFO - [Librarian] Processed 9ZECX in 12.36s
2025-11-30 14:58:37,426 - INFO - [OCR] Winner: '' (Score 0.0). Total: 0.15s
2025-11-30 14:58:37,506 - INFO - [OCR] Early Exit (Upright). Total: 0.08s
2025-11-30 14:58:37,525 - INFO - [Librarian] Processed 9ZECX in 12.71s
2025-11-30 14:58:37,690 - INFO - [OCR] Winner: '' (Score 0.0). Total: 0.06s
2025-11-30 14:58:37,789 - INFO - [OCR] Winner: '0f Fires (ndeath' (Score 0.4). Total: 0.10s
2025-11-30 14:58:37,856 - INFO - [OCR] Early Exit (Upright). Total: 0.07s
2025-11-30 14:58:38,289 - INFO - [Librarian] Processed KV40T in 13.47s
2025-11-30 14:58:38,687 - INFO - [OCR] Winner: '' (Score 0.0). Total: 0.07s
2025-11-30 14:58:38,804 - INFO - [OCR] Winner: '' (Score 0.0). Total: 0.12s
2025-11-30 14:58:39,713 - INFO - [OCR] Early Exit (Upright). Total: 0.06s
2025-11-30 14:58:39,822 - INFO - [OCR] Winner: 'Ihoben Sentry' (Score 0.5). Total: 0.11s
2025-11-30 14:58:40,770 - INFO - [OCR] Early Exit (Upright). Total: 0.07s
2025-11-30 14:58:40,830 - INFO - [OCR] Winner: '' (Score 0.0). Total: 0.06s
2025-11-30 14:58:41,803 - INFO - [OCR] Winner: 'ires 0f Undeath' (Score 0.5). Total: 0.13s
2025-11-30 14:58:41,874 - INFO - [OCR] Winner: '' (Score 0.0). Total: 0.07s
2025-11-30 14:58:42,800 - INFO - [OCR] Winner: 'Fires 0f Undeath' (Score 0.5). Total: 0.12s
2025-11-30 14:58:42,866 - INFO - [OCR] Early Exit (Upright). Total: 0.07s
2025-11-30 14:58:43,775 - INFO - [OCR] Winner: 'ires 0f Undeath' (Score 0.5). Total: 0.10s
2025-11-30 14:58:43,934 - INFO - [OCR] Winner: 'Thraben Seniy' (Score 0.6). Total: 0.15s
2025-11-30 14:58:44,761 - INFO - [OCR] Early Exit (Upright). Total: 0.06s
2025-11-30 14:58:44,820 - INFO - [OCR] Early Exit (Upright). Total: 0.06s
2025-11-30 14:58:45,811 - INFO - [OCR] Winner: '"rcs 0f Undeath' (Score 0.4). Total: 0.13s
2025-11-30 14:58:45,882 - INFO - [OCR] Early Exit (Upright). Total: 0.07s
2025-11-30 14:58:46,772 - INFO - [OCR] Winner: 'Tres of Undeath' (Score 0.5). Total: 0.13s
2025-11-30 14:58:46,913 - INFO - [OCR] Winner: 'Thraben Senmry' (Score 0.5). Total: 0.14s
2025-11-30 14:58:47,791 - INFO - [OCR] Winner: 'Fires of Undeath' (Score 0.6). Total: 0.11s
2025-11-30 14:58:47,851 - INFO - [OCR] Early Exit (Upright). Total: 0.06s
2025-11-30 14:58:48,809 - INFO - [OCR] Winner: 'Fires of Undeath' (Score 0.6). Total: 0.09s
2025-11-30 14:58:48,854 - INFO - [OCR] Early Exit (Upright). Total: 0.04s
2025-11-30 14:58:48,945 - INFO - [OCR] Winner: 'Dosan' Oldest' (Score 0.6). Total: 0.09s
2025-11-30 14:58:50,680 - INFO - [Librarian] Processed 5WB1C in 25.87s
2025-11-30 14:58:50,968 - INFO - [OCR] Winner: 'of Undeath Fires' (Score 0.5). Total: 0.16s
2025-11-30 14:58:51,047 - INFO - [OCR] Early Exit (Upright). Total: 0.08s
2025-11-30 14:58:51,133 - INFO - [OCR] Winner: '' (Score 0.0). Total: 0.09s
2025-11-30 14:58:51,192 - INFO - [OCR] Early Exit (Upright). Total: 0.06s
2025-11-30 14:58:51,375 - INFO - [OCR] Winner: 'Thraben Seniy' (Score 0.5). Total: 0.18s
2025-11-30 14:58:51,493 - INFO - [OCR] Winner: 'Dosan'$ Oldest Chant' (Score 0.6). Total: 0.12s
2025-11-30 14:58:52,923 - INFO - [Librarian] Processed 5WB1C in 28.11s
2025-11-30 14:58:53,064 - INFO - [OCR] Early Exit (Upright). Total: 0.04s
2025-11-30 14:58:53,126 - INFO - [OCR] Early Exit (Upright). Total: 0.06s
2025-11-30 14:58:53,257 - INFO - [OCR] Winner: 'Dosan'$ Oldest Chant' (Score 0.6). Total: 0.13s
2025-11-30 14:58:53,279 - INFO - [Librarian] Processed 5WB1C in 28.46s
2025-11-30 14:58:53,444 - INFO - [OCR] Early Exit (Upright). Total: 0.06s
2025-11-30 14:58:53,492 - INFO - [OCR] Early Exit (Upright). Total: 0.05s
2025-11-30 14:58:53,599 - INFO - [OCR] Winner: 'Dosan'$ Oldest Chant' (Score 0.7). Total: 0.11s
2025-11-30 14:58:53,624 - INFO - [Librarian] Processed 5WB1C in 28.81s
2025-11-30 14:58:54,084 - INFO - [OCR] Early Exit (Upright). Total: 0.04s
2025-11-30 14:58:54,281 - INFO - [OCR] Winner: 'Thrabien Seniry' (Score 0.5). Total: 0.20s
2025-11-30 14:58:54,410 - INFO - [OCR] Winner: 'Dosan'$ Oldest Chant' (Score 0.6). Total: 0.13s
2025-11-30 14:58:55,032 - INFO - [OCR] Winner: 'Flres of Undeath' (Score 0.5). Total: 0.09s
2025-11-30 14:58:55,088 - INFO - [OCR] Early Exit (Upright). Total: 0.06s
2025-11-30 14:58:55,173 - INFO - [OCR] Winner: 'Dosan'5 Oldest Chant' (Score 0.6). Total: 0.08s
2025-11-30 14:58:56,054 - INFO - [OCR] Winner: 'of Undeath Fires' (Score 0.5). Total: 0.11s
2025-11-30 14:58:56,208 - INFO - [OCR] Winner: 'Thraben Senmy' (Score 0.5). Total: 0.15s
2025-11-30 14:58:56,312 - INFO - [OCR] Winner: 'Dosan' $ Oldest Chant' (Score 0.6). Total: 0.10s
2025-11-30 14:58:57,093 - INFO - [OCR] Winner: 'Fires 0f Undeath' (Score 0.5). Total: 0.10s
2025-11-30 14:58:57,141 - INFO - [OCR] Early Exit (Upright). Total: 0.05s
2025-11-30 14:58:57,246 - INFO - [OCR] Winner: 'Dosan'$ Oldest Chant' (Score 0.6). Total: 0.11s
2025-11-30 14:58:58,023 - INFO - [OCR] Early Exit (Upright). Total: 0.05s
2025-11-30 14:58:58,170 - INFO - [OCR] Winner: 'Thraben Senuy' (Score 0.5). Total: 0.15s
2025-11-30 14:58:58,276 - INFO - [OCR] Winner: 'Dosan'$ Oldest Chant 40' (Score 0.6). Total: 0.11s
2025-11-30 14:58:59,058 - INFO - [OCR] Early Exit (Upright). Total: 0.04s
2025-11-30 14:58:59,115 - INFO - [OCR] Early Exit (Upright). Total: 0.06s
2025-11-30 14:58:59,224 - INFO - [OCR] Winner: 'Dosan'$ Oldest Chant' (Score 0.6). Total: 0.11s
2025-11-30 14:59:00,030 - INFO - [OCR] Early Exit (Upright). Total: 0.04s
2025-11-30 14:59:00,079 - INFO - [OCR] Early Exit (Upright). Total: 0.05s
2025-11-30 14:59:00,169 - INFO - [OCR] Winner: 'Dosan'$ Oldest Chant' (Score 0.7). Total: 0.09s
2025-11-30 14:59:00,197 - INFO - [Librarian] Processed 5WB1C in 35.38s
2025-11-30 14:59:01,060 - INFO - [OCR] Winner: 'Fires of Undeath' (Score 0.4). Total: 0.09s
2025-11-30 14:59:01,251 - INFO - [OCR] Winner: 'Thraben Seniiy' (Score 0.5). Total: 0.19s
2025-11-30 14:59:01,366 - INFO - [OCR] Winner: 'Dosan's Oldest Chant' (Score 0.6). Total: 0.11s
2025-11-30 14:59:02,053 - INFO - [OCR] Early Exit (Upright). Total: 0.05s
2025-11-30 14:59:02,126 - INFO - [OCR] Winner: '' (Score 0.0). Total: 0.07s
2025-11-30 14:59:02,231 - INFO - [OCR] Winner: 'Dosan'$ Oldest Chant' (Score 0.7). Total: 0.10s
2025-11-30 14:59:03,059 - INFO - [OCR] Winner: 'Fires 0f Undeath' (Score 0.4). Total: 0.09s
2025-11-30 14:59:03,102 - INFO - [OCR] Early Exit (Upright). Total: 0.04s
2025-11-30 14:59:03,202 - INFO - [OCR] Winner: 'Dosan'$ Oldest Chant' (Score 0.6). Total: 0.10s
2025-11-30 14:59:04,018 - INFO - [OCR] Early Exit (Upright). Total: 0.05s
2025-11-30 14:59:04,078 - INFO - [OCR] Early Exit (Upright). Total: 0.06s
2025-11-30 14:59:04,182 - INFO - [OCR] Winner: 'Dosan'$ Oldest Chant' (Score 0.6). Total: 0.10s
2025-11-30 14:59:05,053 - INFO - [OCR] Early Exit (Upright). Total: 0.05s
2025-11-30 14:59:05,111 - INFO - [OCR] Early Exit (Upright). Total: 0.06s
2025-11-30 14:59:05,213 - INFO - [OCR] Winner: 'Dosan'$ Oldest Chant' (Score 0.6). Total: 0.10s
2025-11-30 14:59:05,995 - INFO - [OCR] Early Exit (Upright). Total: 0.05s
2025-11-30 14:59:06,155 - INFO - [OCR] Winner: 'Thraben Senidy' (Score 0.5). Total: 0.16s
2025-11-30 14:59:06,245 - INFO - [OCR] Winner: 'Dosan'$ Oldest Chant' (Score 0.7). Total: 0.09s
2025-11-30 14:59:07,152 - INFO - [OCR] Winner: 'res of Undeath' (Score 0.5). Total: 0.13s
2025-11-30 14:59:07,285 - INFO - [OCR] Winner: 'Thraben Seniy' (Score 0.5). Total: 0.13s
2025-11-30 14:59:07,412 - INFO - [OCR] Winner: 'Dosan'$ Oldest Chant' (Score 0.6). Total: 0.13s
2025-11-30 14:59:08,069 - INFO - [OCR] Winner: 'Fires Of Undeath' (Score 0.6). Total: 0.12s
2025-11-30 14:59:08,127 - INFO - [OCR] Early Exit (Upright). Total: 0.06s
2025-11-30 14:59:08,229 - INFO - [OCR] Winner: 'Dosan'$ Oldest Chant' (Score 0.6). Total: 0.10s
2025-11-30 14:59:09,106 - INFO - [OCR] Winner: 'Fires of Undeath' (Score 0.6). Total: 0.12s
2025-11-30 14:59:09,173 - INFO - [OCR] Early Exit (Upright). Total: 0.07s
2025-11-30 14:59:09,287 - INFO - [OCR] Winner: 'Dosan'$ Oldest Chant' (Score 0.6). Total: 0.11s
2025-11-30 14:59:10,070 - INFO - [OCR] Winner: 'Fires of Undeath' (Score 0.6). Total: 0.11s
2025-11-30 14:59:10,123 - INFO - [OCR] Early Exit (Upright). Total: 0.05s
2025-11-30 14:59:10,234 - INFO - [OCR] Winner: 'Dosan'$ Oldest Chant' (Score 0.6). Total: 0.11s
2025-11-30 14:59:11,050 - INFO - [OCR] Early Exit (Upright). Total: 0.06s
2025-11-30 14:59:11,219 - INFO - [OCR] Winner: 'Thraben Sentry' (Score 0.6). Total: 0.17s
2025-11-30 14:59:11,311 - INFO - [OCR] Winner: 'Dosan'$ Oldest Chant 40' (Score 0.6). Total: 0.09s
2025-11-30 14:59:12,069 - INFO - [OCR] Winner: 'Fires of Undeath' (Score 0.6). Total: 0.11s
2025-11-30 14:59:12,132 - INFO - [OCR] Early Exit (Upright). Total: 0.06s
2025-11-30 14:59:12,246 - INFO - [OCR] Winner: 'Dosan'$ Oldest Chant' (Score 0.6). Total: 0.11s
2025-11-30 14:59:13,081 - INFO - [OCR] Winner: 'ires of Undeath' (Score 0.5). Total: 0.09s
2025-11-30 14:59:13,258 - INFO - [OCR] Winner: 'Thraben Sentty' (Score 0.5). Total: 0.18s
2025-11-30 14:59:13,386 - INFO - [OCR] Winner: 'Dosan'$ Oldest Chant' (Score 0.7). Total: 0.13s
2025-11-30 14:59:14,000 - INFO - [OCR] Early Exit (Upright). Total: 0.06s
2025-11-30 14:59:14,052 - INFO - [OCR] Early Exit (Upright). Total: 0.05s
2025-11-30 14:59:14,167 - INFO - [OCR] Winner: 'Dosan'$ Oldest Chant' (Score 0.7). Total: 0.11s
2025-11-30 14:59:15,066 - INFO - [OCR] Early Exit (Upright). Total: 0.05s
2025-11-30 14:59:15,269 - INFO - [OCR] Winner: 'Thraben Senoy' (Score 0.5). Total: 0.20s
2025-11-30 14:59:15,389 - INFO - [OCR] Winner: 'Dosan'$ Oldest Chant' (Score 0.6). Total: 0.12s
2025-11-30 14:59:16,046 - INFO - [OCR] Winner: 'Fires Of Undeath' (Score 0.6). Total: 0.10s
2025-11-30 14:59:16,103 - INFO - [OCR] Early Exit (Upright). Total: 0.06s
2025-11-30 14:59:16,198 - INFO - [OCR] Winner: 'Dosan'$ Oldest Chant' (Score 0.6). Total: 0.10s
2025-11-30 14:59:17,042 - INFO - [OCR] Early Exit (Upright). Total: 0.06s
2025-11-30 14:59:17,236 - INFO - [OCR] Winner: 'Thraben Sentty' (Score 0.6). Total: 0.19s
2025-11-30 14:59:17,363 - INFO - [OCR] Winner: 'Dosan'$ Oldest Chant' (Score 0.7). Total: 0.13s
2025-11-30 14:59:18,132 - INFO - [OCR] Winner: 'Fires of Undeath' (Score 0.5). Total: 0.12s
2025-11-30 14:59:18,191 - INFO - [OCR] Early Exit (Upright). Total: 0.06s
2025-11-30 14:59:18,297 - INFO - [OCR] Winner: 'Dosan'$ Oldest Chant' (Score 0.7). Total: 0.11s
2025-11-30 14:59:19,085 - INFO - [OCR] Winner: 'Fires of Undeatlh' (Score 0.4). Total: 0.10s
2025-11-30 14:59:19,340 - INFO - [OCR] Inverted   | Time: 0.20s | Conf: 0.56 | Text: 'Muz'
2025-11-30 14:59:19,340 - INFO - [OCR] Winner: 'Thraben Senmy' (Score 0.5). Total: 0.26s
2025-11-30 14:59:19,453 - INFO - [OCR] Winner: 'Dosan's Oldest Chant 40' (Score 0.6). Total: 0.11s
2025-11-30 14:59:20,032 - INFO - [OCR] Early Exit (Upright). Total: 0.04s
2025-11-30 14:59:20,196 - INFO - [OCR] Winner: 'Thraben Senmy' (Score 0.5). Total: 0.16s
2025-11-30 14:59:20,299 - INFO - [OCR] Winner: 'Dosan'$ Oldest Chant' (Score 0.6). Total: 0.10s
2025-11-30 14:59:21,008 - INFO - [OCR] Early Exit (Upright). Total: 0.05s
2025-11-30 14:59:21,171 - INFO - [OCR] Winner: 'Thrabien Senty' (Score 0.6). Total: 0.16s
2025-11-30 14:59:21,304 - INFO - [OCR] Winner: 'Dosan's Oldest Chant' (Score 0.6). Total: 0.13s
2025-11-30 14:59:21,999 - INFO - [OCR] Early Exit (Upright). Total: 0.06s
2025-11-30 14:59:22,047 - INFO - [OCR] Early Exit (Upright). Total: 0.05s
2025-11-30 14:59:22,175 - INFO - [OCR] Winner: 'Dosan'$ Oldest Chant' (Score 0.6). Total: 0.13s
2025-11-30 14:59:23,012 - INFO - [OCR] Winner: 'Fires Of Undeath' (Score 0.5). Total: 0.10s
2025-11-30 14:59:23,166 - INFO - [OCR] Winner: 'Thraben Seniy' (Score 0.5). Total: 0.15s
2025-11-30 14:59:23,243 - INFO - [OCR] Winner: 'Dosan'$ Oldest Chant' (Score 0.7). Total: 0.08s
2025-11-30 14:59:23,267 - INFO - [Librarian] Processed 5WB1C in 58.45s
2025-11-30 14:59:24,123 - INFO - [OCR] Winner: 'Fires of Undeath' (Score 0.5). Total: 0.13s
2025-11-30 14:59:24,180 - INFO - [OCR] Early Exit (Upright). Total: 0.06s
2025-11-30 14:59:24,278 - INFO - [OCR] Winner: 'Dosan'$ Oldest Chant' (Score 0.7). Total: 0.10s
2025-11-30 14:59:25,001 - INFO - [OCR] Early Exit (Upright). Total: 0.07s
2025-11-30 14:59:25,186 - INFO - [OCR] Winner: 'Thraben Sentty' (Score 0.5). Total: 0.18s
2025-11-30 14:59:25,292 - INFO - [OCR] Winner: 'Dosan'$ Oldest Chant' (Score 0.6). Total: 0.11s
2025-11-30 14:59:26,002 - INFO - [OCR] Early Exit (Upright). Total: 0.06s
2025-11-30 14:59:26,029 - INFO - [Librarian] Processed 9ZECX in 61.22s
2025-11-30 14:59:26,188 - INFO - [OCR] Early Exit (Upright). Total: 0.05s
2025-11-30 14:59:26,298 - INFO - [OCR] Winner: 'Dosan's Oldest Chant' (Score 0.6). Total: 0.11s
2025-11-30 14:59:27,062 - INFO - [OCR] Winner: 'of Undeath Fires' (Score 0.6). Total: 0.11s
2025-11-30 14:59:27,125 - INFO - [OCR] Early Exit (Upright). Total: 0.06s
2025-11-30 14:59:27,241 - INFO - [OCR] Winner: '5 Oldest Chant Dosan' (Score 0.7). Total: 0.12s
2025-11-30 14:59:28,042 - INFO - [OCR] Early Exit (Upright). Total: 0.05s
2025-11-30 14:59:28,216 - INFO - [OCR] Winner: 'Thraben Senity' (Score 0.6). Total: 0.17s
2025-11-30 14:59:28,324 - INFO - [OCR] Winner: 'Dosan's Oldest Chant' (Score 0.7). Total: 0.11s
2025-11-30 14:59:29,052 - INFO - [OCR] Early Exit (Upright). Total: 0.06s
2025-11-30 14:59:29,115 - INFO - [OCR] Winner: '' (Score 0.0). Total: 0.06s
2025-11-30 14:59:29,222 - INFO - [OCR] Winner: 'Dosan'$ Oldest Chant' (Score 0.6). Total: 0.11s
2025-11-30 14:59:30,105 - INFO - [OCR] Winner: 'Fires 0f Undeath' (Score 0.5). Total: 0.11s
2025-11-30 14:59:30,161 - INFO - [OCR] Early Exit (Upright). Total: 0.06s
2025-11-30 14:59:30,275 - INFO - [OCR] Winner: 'Dosan'$ Oldest Chant' (Score 0.7). Total: 0.11s
2025-11-30 14:59:31,045 - INFO - [OCR] Winner: 'Fires 0f Undeath' (Score 0.6). Total: 0.11s
2025-11-30 14:59:31,103 - INFO - [OCR] Early Exit (Upright). Total: 0.06s
2025-11-30 14:59:31,183 - INFO - [OCR] Winner: 'Dosan's Oldest Chant' (Score 0.6). Total: 0.08s
2025-11-30 14:59:31,996 - INFO - [OCR] Early Exit (Upright). Total: 0.06s
2025-11-30 14:59:32,056 - INFO - [OCR] Early Exit (Upright). Total: 0.06s
2025-11-30 14:59:32,164 - INFO - [OCR] Winner: 'Dosan'$ Oldest Chant' (Score 0.6). Total: 0.11s
2025-11-30 14:59:33,073 - INFO - [OCR] Early Exit (Upright). Total: 0.06s
2025-11-30 14:59:33,245 - INFO - [OCR] Winner: 'Thraben Sentty' (Score 0.6). Total: 0.17s
2025-11-30 14:59:33,358 - INFO - [OCR] Winner: 'Dosan'$ Oldest Chant' (Score 0.6). Total: 0.11s
2025-11-30 14:59:33,961 - INFO - [OCR] Winner: '' (Score 0.0). Total: 0.06s
2025-11-30 14:59:34,026 - INFO - [OCR] Winner: '' (Score 0.0). Total: 0.07s
2025-11-30 14:59:34,101 - INFO - [OCR] Winner: '' (Score 0.0). Total: 0.07s
2025-11-30 14:59:36,079 - INFO - [OCR] Winner: 'Coniric' (Score 0.4). Total: 0.12s
2025-11-30 14:59:37,104 - INFO - [OCR] Winner: 'Coniradici 3' (Score 0.4). Total: 0.10s
2025-11-30 14:59:38,282 - INFO - [OCR] Winner: 'Contradici 3' (Score 0.5). Total: 0.19s
2025-11-30 14:59:39,546 - INFO - [Librarian] Processed ZQM6L in 74.73s
2025-11-30 14:59:39,761 - INFO - [OCR] Winner: 'Confradici 3' (Score 0.5). Total: 0.11s
2025-11-30 14:59:41,262 - INFO - [OCR] Winner: 'Conirdict' (Score 0.5). Total: 0.16s
2025-11-30 14:59:41,340 - INFO - [OCR] Winner: '' (Score 0.0). Total: 0.08s
2025-11-30 14:59:42,072 - INFO - [OCR] Winner: 'Prerence' (Score 0.3). Total: 0.09s
2025-11-30 14:59:43,149 - INFO - [OCR] Winner: 'Nylea $ Presence' (Score 0.6). Total: 0.22s
2025-11-30 14:59:43,564 - INFO - [Librarian] Processed ZQM6L in 78.75s
2025-11-30 14:59:44,183 - INFO - [OCR] Winner: 'Nylea $ Presence' (Score 0.6). Total: 0.18s
2025-11-30 14:59:45,137 - INFO - [OCR] Winner: 'Nylca $ Presence' (Score 0.6). Total: 0.11s
2025-11-30 14:59:46,064 - INFO - [OCR] Winner: '' (Score 0.0). Total: 0.07s
2025-11-30 14:59:47,664 - INFO - Starting Dashboard...
